14-Jan-2022 09:38:34.211 INFO [main] org.apache.catalina.startup.VersionLoggerListener.log Nombre de la versión del servidor: Apache Tomcat/9.0.56
14-Jan-2022 09:38:34.220 INFO [main] org.apache.catalina.startup.VersionLoggerListener.log Server built:                      Dec 2 2021 14:30:07 UTC
14-Jan-2022 09:38:34.221 INFO [main] org.apache.catalina.startup.VersionLoggerListener.log Número de versión de servidor:     9.0.56.0
14-Jan-2022 09:38:34.221 INFO [main] org.apache.catalina.startup.VersionLoggerListener.log OS Name:                           Windows 10
14-Jan-2022 09:38:34.221 INFO [main] org.apache.catalina.startup.VersionLoggerListener.log Versión de Systema Operativo:      10.0
14-Jan-2022 09:38:34.222 INFO [main] org.apache.catalina.startup.VersionLoggerListener.log Arquitectura:                      amd64
14-Jan-2022 09:38:34.222 INFO [main] org.apache.catalina.startup.VersionLoggerListener.log Java Home:                         C:\Program Files\Java\jdk-17.0.1
14-Jan-2022 09:38:34.223 INFO [main] org.apache.catalina.startup.VersionLoggerListener.log JVM Version:                       17.0.1+12-LTS-39
14-Jan-2022 09:38:34.224 INFO [main] org.apache.catalina.startup.VersionLoggerListener.log Vededor JVM:                       Oracle Corporation
14-Jan-2022 09:38:34.224 INFO [main] org.apache.catalina.startup.VersionLoggerListener.log CATALINA_BASE:                     C:\Users\jsepulveda\git\repository\deploy\apache-tomcat-9.0.56
14-Jan-2022 09:38:34.224 INFO [main] org.apache.catalina.startup.VersionLoggerListener.log CATALINA_HOME:                     C:\Users\jsepulveda\git\repository\deploy\apache-tomcat-9.0.56
14-Jan-2022 09:38:34.254 INFO [main] org.apache.catalina.startup.VersionLoggerListener.log Command line argument:             --add-opens=java.base/java.lang=ALL-UNNAMED
14-Jan-2022 09:38:34.255 INFO [main] org.apache.catalina.startup.VersionLoggerListener.log Command line argument:             --add-opens=java.base/java.io=ALL-UNNAMED
14-Jan-2022 09:38:34.261 INFO [main] org.apache.catalina.startup.VersionLoggerListener.log Command line argument:             --add-opens=java.base/java.util=ALL-UNNAMED
14-Jan-2022 09:38:34.262 INFO [main] org.apache.catalina.startup.VersionLoggerListener.log Command line argument:             --add-opens=java.base/java.util.concurrent=ALL-UNNAMED
14-Jan-2022 09:38:34.263 INFO [main] org.apache.catalina.startup.VersionLoggerListener.log Command line argument:             --add-opens=java.rmi/sun.rmi.transport=ALL-UNNAMED
14-Jan-2022 09:38:34.263 INFO [main] org.apache.catalina.startup.VersionLoggerListener.log Command line argument:             -Djava.util.logging.config.file=C:\Users\jsepulveda\git\repository\deploy\apache-tomcat-9.0.56\conf\logging.properties
14-Jan-2022 09:38:34.264 INFO [main] org.apache.catalina.startup.VersionLoggerListener.log Command line argument:             -Djava.util.logging.manager=org.apache.juli.ClassLoaderLogManager
14-Jan-2022 09:38:34.270 INFO [main] org.apache.catalina.startup.VersionLoggerListener.log Command line argument:             -Djdk.tls.ephemeralDHKeySize=2048
14-Jan-2022 09:38:34.271 INFO [main] org.apache.catalina.startup.VersionLoggerListener.log Command line argument:             -Djava.protocol.handler.pkgs=org.apache.catalina.webresources
14-Jan-2022 09:38:34.272 INFO [main] org.apache.catalina.startup.VersionLoggerListener.log Command line argument:             -Dignore.endorsed.dirs=
14-Jan-2022 09:38:34.276 INFO [main] org.apache.catalina.startup.VersionLoggerListener.log Command line argument:             -Dcatalina.base=C:\Users\jsepulveda\git\repository\deploy\apache-tomcat-9.0.56
14-Jan-2022 09:38:34.282 INFO [main] org.apache.catalina.startup.VersionLoggerListener.log Command line argument:             -Dcatalina.home=C:\Users\jsepulveda\git\repository\deploy\apache-tomcat-9.0.56
14-Jan-2022 09:38:34.287 INFO [main] org.apache.catalina.startup.VersionLoggerListener.log Command line argument:             -Djava.io.tmpdir=C:\Users\jsepulveda\git\repository\deploy\apache-tomcat-9.0.56\temp
14-Jan-2022 09:38:34.296 INFO [main] org.apache.catalina.core.AprLifecycleListener.lifecycleEvent La biblioteca nativa de Apache Tomcat basada en ARP que permite un rendimiento óptimo en entornos de desarrollo no ha sido hallada en java.library.path: [C:\Program Files\Java\jdk-17.0.1\bin;C:\WINDOWS\Sun\Java\bin;C:\WINDOWS\system32;C:\WINDOWS;C:\Program Files\Common Files\Oracle\Java\javapath;C:\ProgramData\Oracle\Java\javapath;C:\WINDOWS\system32;C:\WINDOWS;C:\WINDOWS\System32\Wbem;C:\WINDOWS\System32\WindowsPowerShell\v1.0\;C:\WINDOWS\System32\OpenSSH\;C:\Program Files\Git\cmd;C:\Program Files\nodejs\;C:\Users\jsepulveda\AppData\Local\Microsoft\WindowsApps;C:\Users\jsepulveda\AppData\Local\Programs\Microsoft VS Code\bin;C:\Users\jsepulveda\AppData\Roaming\npm;C:\Program Files\heroku\bin;C:\Program Files\Java\jdk-17.0.1\bin;;.]
14-Jan-2022 09:38:35.024 INFO [main] org.apache.coyote.AbstractProtocol.init Inicializando el manejador de protocolo ["http-nio-8080"]

14-Jan-2022 09:38:35.100 INFO [main] org.apache.catalina.startup.Catalina.load Server initialization in [1410] milliseconds
14-Jan-2022 09:38:35.219 INFO [main] org.apache.catalina.core.StandardService.startInternal Arrancando servicio [Catalina]
14-Jan-2022 09:38:35.221 INFO [main] org.apache.catalina.core.StandardEngine.startInternal Starting Servlet engine: [Apache Tomcat/9.0.56]
14-Jan-2022 09:38:35.290 INFO [main] org.apache.catalina.startup.HostConfig.deployWAR Despliegue del archivo [C:\Users\jsepulveda\git\repository\deploy\apache-tomcat-9.0.56\webapps\spring-boot-data-jpa-tomcat-0.0.1-SNAPSHOT.war] de la aplicación web
14-Jan-2022 09:38:55.888 INFO [main] org.apache.jasper.servlet.TldScanner.scanJars Al menos un JAR, que se ha explorado buscando TLDs, aún no contenía TLDs. Activar historial de depuración para este historiador para una completa lista de los JARs que fueron explorados y de los que nos se halló TLDs. Saltarse JARs no necesarios durante la exploración puede dar lugar a una mejora de tiempo significativa en el arranque y compilación de JSP .
14-Jan-2022 09:39:31.433 INFO [main] org.apache.catalina.startup.HostConfig.deployWAR Deployment of web application archive [C:\Users\jsepulveda\git\repository\deploy\apache-tomcat-9.0.56\webapps\spring-boot-data-jpa-tomcat-0.0.1-SNAPSHOT.war] has finished in [56.139] ms
14-Jan-2022 09:39:31.437 INFO [main] org.apache.catalina.startup.HostConfig.deployDirectory Desplegando el directorio [C:\Users\jsepulveda\git\repository\deploy\apache-tomcat-9.0.56\webapps\docs] de la aplicación web
14-Jan-2022 09:39:31.558 INFO [main] org.apache.catalina.startup.HostConfig.deployDirectory Deployment of web application directory [C:\Users\jsepulveda\git\repository\deploy\apache-tomcat-9.0.56\webapps\docs] has finished in [120] ms
14-Jan-2022 09:39:31.559 INFO [main] org.apache.catalina.startup.HostConfig.deployDirectory Desplegando el directorio [C:\Users\jsepulveda\git\repository\deploy\apache-tomcat-9.0.56\webapps\examples] de la aplicación web
14-Jan-2022 09:39:33.562 INFO [main] org.apache.catalina.startup.HostConfig.deployDirectory Deployment of web application directory [C:\Users\jsepulveda\git\repository\deploy\apache-tomcat-9.0.56\webapps\examples] has finished in [2.004] ms
14-Jan-2022 09:39:33.564 INFO [main] org.apache.catalina.startup.HostConfig.deployDirectory Desplegando el directorio [C:\Users\jsepulveda\git\repository\deploy\apache-tomcat-9.0.56\webapps\host-manager] de la aplicación web
14-Jan-2022 09:39:33.703 INFO [main] org.apache.catalina.startup.HostConfig.deployDirectory Deployment of web application directory [C:\Users\jsepulveda\git\repository\deploy\apache-tomcat-9.0.56\webapps\host-manager] has finished in [139] ms
14-Jan-2022 09:39:33.704 INFO [main] org.apache.catalina.startup.HostConfig.deployDirectory Desplegando el directorio [C:\Users\jsepulveda\git\repository\deploy\apache-tomcat-9.0.56\webapps\manager] de la aplicación web
14-Jan-2022 09:39:33.852 INFO [main] org.apache.catalina.startup.HostConfig.deployDirectory Deployment of web application directory [C:\Users\jsepulveda\git\repository\deploy\apache-tomcat-9.0.56\webapps\manager] has finished in [147] ms
14-Jan-2022 09:39:33.852 INFO [main] org.apache.catalina.startup.HostConfig.deployDirectory Desplegando el directorio [C:\Users\jsepulveda\git\repository\deploy\apache-tomcat-9.0.56\webapps\ROOT] de la aplicación web
14-Jan-2022 09:39:33.936 INFO [main] org.apache.catalina.startup.HostConfig.deployDirectory Deployment of web application directory [C:\Users\jsepulveda\git\repository\deploy\apache-tomcat-9.0.56\webapps\ROOT] has finished in [83] ms
14-Jan-2022 09:39:33.943 INFO [main] org.apache.coyote.AbstractProtocol.start Starting ProtocolHandler ["http-nio-8080"]
14-Jan-2022 09:39:34.106 INFO [main] org.apache.catalina.startup.Catalina.start Server startup in [59005] milliseconds
14-Jan-2022 09:39:53.971 INFO [Catalina-utility-1] org.apache.catalina.startup.HostConfig.undeploy Repliegue (undeploy) de la aplicación web que tiene como trayectoria de contexto [/spring-boot-data-jpa-tomcat-0.0.1-SNAPSHOT]
14-Jan-2022 09:39:54.747 WARNING [Catalina-utility-1] org.apache.catalina.loader.WebappClassLoaderBase.clearReferencesThreads The web application [spring-boot-data-jpa-tomcat-0.0.1-SNAPSHOT] appears to have started a thread named [mysql-cj-abandoned-connection-cleanup] but has failed to stop it. This is very likely to create a memory leak. Stack trace of thread:
 java.base@17.0.1/java.lang.Object.wait(Native Method)
 java.base@17.0.1/java.lang.ref.ReferenceQueue.remove(ReferenceQueue.java:155)
 com.mysql.cj.jdbc.AbandonedConnectionCleanupThread.run(AbandonedConnectionCleanupThread.java:91)
 java.base@17.0.1/java.util.concurrent.ThreadPoolExecutor.runWorker(ThreadPoolExecutor.java:1136)
 java.base@17.0.1/java.util.concurrent.ThreadPoolExecutor$Worker.run(ThreadPoolExecutor.java:635)
 java.base@17.0.1/java.lang.Thread.run(Thread.java:833)
14-Jan-2022 09:39:56.005 INFO [mysql-cj-abandoned-connection-cleanup] org.apache.catalina.loader.WebappClassLoaderBase.checkStateForResourceLoading Acceso ilegal: esta instancia de aplicación web ya ha sido parada.  Could not load [].  La eventual traza de pila que sigue ha sido motivada por un error lanzado con motivos de depuración así como para intentar terminar el hilo que motivó el acceso ilegal y no tiene impacto funcional.
	java.lang.IllegalStateException: Acceso ilegal: esta instancia de aplicación web ya ha sido parada.  Could not load [].  La eventual traza de pila que sigue ha sido motivada por un error lanzado con motivos de depuración así como para intentar terminar el hilo que motivó el acceso ilegal y no tiene impacto funcional.
		at org.apache.catalina.loader.WebappClassLoaderBase.checkStateForResourceLoading(WebappClassLoaderBase.java:1427)
		at org.apache.catalina.loader.WebappClassLoaderBase.getResource(WebappClassLoaderBase.java:1052)
		at com.mysql.cj.jdbc.AbandonedConnectionCleanupThread.checkThreadContextClassLoader(AbandonedConnectionCleanupThread.java:123)
		at com.mysql.cj.jdbc.AbandonedConnectionCleanupThread.run(AbandonedConnectionCleanupThread.java:90)
		at java.base/java.util.concurrent.ThreadPoolExecutor.runWorker(ThreadPoolExecutor.java:1136)
		at java.base/java.util.concurrent.ThreadPoolExecutor$Worker.run(ThreadPoolExecutor.java:635)
		at java.base/java.lang.Thread.run(Thread.java:833)
14-Jan-2022 09:39:56.542 INFO [Catalina-utility-1] org.apache.catalina.startup.HostConfig.deployWAR Despliegue del archivo [C:\Users\jsepulveda\git\repository\deploy\apache-tomcat-9.0.56\webapps\spring-boot-data-jpa-tomcat-0.0.1-SNAPSHOT.war] de la aplicación web
14-Jan-2022 09:40:19.289 INFO [Catalina-utility-1] org.apache.jasper.servlet.TldScanner.scanJars Al menos un JAR, que se ha explorado buscando TLDs, aún no contenía TLDs. Activar historial de depuración para este historiador para una completa lista de los JARs que fueron explorados y de los que nos se halló TLDs. Saltarse JARs no necesarios durante la exploración puede dar lugar a una mejora de tiempo significativa en el arranque y compilación de JSP .
14-Jan-2022 09:40:50.940 INFO [Catalina-utility-1] org.apache.catalina.startup.HostConfig.deployWAR Deployment of web application archive [C:\Users\jsepulveda\git\repository\deploy\apache-tomcat-9.0.56\webapps\spring-boot-data-jpa-tomcat-0.0.1-SNAPSHOT.war] has finished in [54.398] ms
14-Jan-2022 09:41:01.452 INFO [Catalina-utility-1] org.apache.catalina.startup.HostConfig.undeploy Repliegue (undeploy) de la aplicación web que tiene como trayectoria de contexto [/spring-boot-data-jpa-tomcat-0.0.1-SNAPSHOT]
14-Jan-2022 09:41:02.227 WARNING [Catalina-utility-1] org.apache.catalina.loader.WebappClassLoaderBase.clearReferencesThreads The web application [spring-boot-data-jpa-tomcat-0.0.1-SNAPSHOT] appears to have started a thread named [mysql-cj-abandoned-connection-cleanup] but has failed to stop it. This is very likely to create a memory leak. Stack trace of thread:
 java.base@17.0.1/java.lang.Object.wait(Native Method)
 java.base@17.0.1/java.lang.ref.ReferenceQueue.remove(ReferenceQueue.java:155)
 com.mysql.cj.jdbc.AbandonedConnectionCleanupThread.run(AbandonedConnectionCleanupThread.java:91)
 java.base@17.0.1/java.util.concurrent.ThreadPoolExecutor.runWorker(ThreadPoolExecutor.java:1136)
 java.base@17.0.1/java.util.concurrent.ThreadPoolExecutor$Worker.run(ThreadPoolExecutor.java:635)
 java.base@17.0.1/java.lang.Thread.run(Thread.java:833)
14-Jan-2022 09:41:03.834 INFO [Catalina-utility-1] org.apache.catalina.startup.HostConfig.deployWAR Despliegue del archivo [C:\Users\jsepulveda\git\repository\deploy\apache-tomcat-9.0.56\webapps\spring-boot-data-jpa-tomcat.war] de la aplicación web
14-Jan-2022 09:41:05.367 INFO [mysql-cj-abandoned-connection-cleanup] org.apache.catalina.loader.WebappClassLoaderBase.checkStateForResourceLoading Acceso ilegal: esta instancia de aplicación web ya ha sido parada.  Could not load [].  La eventual traza de pila que sigue ha sido motivada por un error lanzado con motivos de depuración así como para intentar terminar el hilo que motivó el acceso ilegal y no tiene impacto funcional.
	java.lang.IllegalStateException: Acceso ilegal: esta instancia de aplicación web ya ha sido parada.  Could not load [].  La eventual traza de pila que sigue ha sido motivada por un error lanzado con motivos de depuración así como para intentar terminar el hilo que motivó el acceso ilegal y no tiene impacto funcional.
		at org.apache.catalina.loader.WebappClassLoaderBase.checkStateForResourceLoading(WebappClassLoaderBase.java:1427)
		at org.apache.catalina.loader.WebappClassLoaderBase.getResource(WebappClassLoaderBase.java:1052)
		at com.mysql.cj.jdbc.AbandonedConnectionCleanupThread.checkThreadContextClassLoader(AbandonedConnectionCleanupThread.java:123)
		at com.mysql.cj.jdbc.AbandonedConnectionCleanupThread.run(AbandonedConnectionCleanupThread.java:90)
		at java.base/java.util.concurrent.ThreadPoolExecutor.runWorker(ThreadPoolExecutor.java:1136)
		at java.base/java.util.concurrent.ThreadPoolExecutor$Worker.run(ThreadPoolExecutor.java:635)
		at java.base/java.lang.Thread.run(Thread.java:833)
14-Jan-2022 09:41:24.457 INFO [Catalina-utility-1] org.apache.jasper.servlet.TldScanner.scanJars Al menos un JAR, que se ha explorado buscando TLDs, aún no contenía TLDs. Activar historial de depuración para este historiador para una completa lista de los JARs que fueron explorados y de los que nos se halló TLDs. Saltarse JARs no necesarios durante la exploración puede dar lugar a una mejora de tiempo significativa en el arranque y compilación de JSP .
14-Jan-2022 09:41:54.690 INFO [Catalina-utility-1] org.apache.catalina.startup.HostConfig.deployWAR Deployment of web application archive [C:\Users\jsepulveda\git\repository\deploy\apache-tomcat-9.0.56\webapps\spring-boot-data-jpa-tomcat.war] has finished in [50.856] ms
14-Jan-2022 10:08:31.634 INFO [main] org.apache.catalina.core.StandardServer.await Se ha recibido un comando de apagado a través del puerto de apagado. Parando la instancia del Servidor.
14-Jan-2022 10:08:31.636 INFO [main] org.apache.coyote.AbstractProtocol.pause Pausing ProtocolHandler ["http-nio-8080"]
14-Jan-2022 10:08:31.651 INFO [main] org.apache.catalina.core.StandardService.stopInternal Parando servicio [Catalina]
14-Jan-2022 10:08:33.428 WARNING [main] org.apache.catalina.loader.WebappClassLoaderBase.clearReferencesThreads The web application [spring-boot-data-jpa-tomcat] appears to have started a thread named [mysql-cj-abandoned-connection-cleanup] but has failed to stop it. This is very likely to create a memory leak. Stack trace of thread:
 java.base@17.0.1/java.lang.Object.wait(Native Method)
 java.base@17.0.1/java.lang.ref.ReferenceQueue.remove(ReferenceQueue.java:155)
 com.mysql.cj.jdbc.AbandonedConnectionCleanupThread.run(AbandonedConnectionCleanupThread.java:91)
 java.base@17.0.1/java.util.concurrent.ThreadPoolExecutor.runWorker(ThreadPoolExecutor.java:1136)
 java.base@17.0.1/java.util.concurrent.ThreadPoolExecutor$Worker.run(ThreadPoolExecutor.java:635)
 java.base@17.0.1/java.lang.Thread.run(Thread.java:833)
14-Jan-2022 10:08:33.453 INFO [main] org.apache.coyote.AbstractProtocol.stop Stopping ProtocolHandler ["http-nio-8080"]
14-Jan-2022 10:08:33.463 INFO [main] org.apache.coyote.AbstractProtocol.destroy Destroying ProtocolHandler ["http-nio-8080"]
