13-Jan-2022 16:54:34.261 INFO [main] org.apache.catalina.startup.VersionLoggerListener.log Nombre de la versión del servidor: Apache Tomcat/9.0.56
13-Jan-2022 16:54:34.265 INFO [main] org.apache.catalina.startup.VersionLoggerListener.log Server built:                      Dec 2 2021 14:30:07 UTC
13-Jan-2022 16:54:34.265 INFO [main] org.apache.catalina.startup.VersionLoggerListener.log Número de versión de servidor:     9.0.56.0
13-Jan-2022 16:54:34.265 INFO [main] org.apache.catalina.startup.VersionLoggerListener.log OS Name:                           Windows 10
13-Jan-2022 16:54:34.265 INFO [main] org.apache.catalina.startup.VersionLoggerListener.log Versión de Systema Operativo:      10.0
13-Jan-2022 16:54:34.265 INFO [main] org.apache.catalina.startup.VersionLoggerListener.log Arquitectura:                      amd64
13-Jan-2022 16:54:34.266 INFO [main] org.apache.catalina.startup.VersionLoggerListener.log Java Home:                         C:\Program Files\Java\jdk-17.0.1
13-Jan-2022 16:54:34.266 INFO [main] org.apache.catalina.startup.VersionLoggerListener.log JVM Version:                       17.0.1+12-LTS-39
13-Jan-2022 16:54:34.266 INFO [main] org.apache.catalina.startup.VersionLoggerListener.log Vededor JVM:                       Oracle Corporation
13-Jan-2022 16:54:34.266 INFO [main] org.apache.catalina.startup.VersionLoggerListener.log CATALINA_BASE:                     C:\Users\jsepulveda\git\repository\deploy\apache-tomcat-9.0.56
13-Jan-2022 16:54:34.266 INFO [main] org.apache.catalina.startup.VersionLoggerListener.log CATALINA_HOME:                     C:\Users\jsepulveda\git\repository\deploy\apache-tomcat-9.0.56
13-Jan-2022 16:54:34.278 INFO [main] org.apache.catalina.startup.VersionLoggerListener.log Command line argument:             --add-opens=java.base/java.lang=ALL-UNNAMED
13-Jan-2022 16:54:34.279 INFO [main] org.apache.catalina.startup.VersionLoggerListener.log Command line argument:             --add-opens=java.base/java.io=ALL-UNNAMED
13-Jan-2022 16:54:34.279 INFO [main] org.apache.catalina.startup.VersionLoggerListener.log Command line argument:             --add-opens=java.base/java.util=ALL-UNNAMED
13-Jan-2022 16:54:34.279 INFO [main] org.apache.catalina.startup.VersionLoggerListener.log Command line argument:             --add-opens=java.base/java.util.concurrent=ALL-UNNAMED
13-Jan-2022 16:54:34.279 INFO [main] org.apache.catalina.startup.VersionLoggerListener.log Command line argument:             --add-opens=java.rmi/sun.rmi.transport=ALL-UNNAMED
13-Jan-2022 16:54:34.280 INFO [main] org.apache.catalina.startup.VersionLoggerListener.log Command line argument:             -Djava.util.logging.config.file=C:\Users\jsepulveda\git\repository\deploy\apache-tomcat-9.0.56\conf\logging.properties
13-Jan-2022 16:54:34.280 INFO [main] org.apache.catalina.startup.VersionLoggerListener.log Command line argument:             -Djava.util.logging.manager=org.apache.juli.ClassLoaderLogManager
13-Jan-2022 16:54:34.280 INFO [main] org.apache.catalina.startup.VersionLoggerListener.log Command line argument:             -Djdk.tls.ephemeralDHKeySize=2048
13-Jan-2022 16:54:34.280 INFO [main] org.apache.catalina.startup.VersionLoggerListener.log Command line argument:             -Djava.protocol.handler.pkgs=org.apache.catalina.webresources
13-Jan-2022 16:54:34.283 INFO [main] org.apache.catalina.startup.VersionLoggerListener.log Command line argument:             -Dignore.endorsed.dirs=
13-Jan-2022 16:54:34.284 INFO [main] org.apache.catalina.startup.VersionLoggerListener.log Command line argument:             -Dcatalina.base=C:\Users\jsepulveda\git\repository\deploy\apache-tomcat-9.0.56
13-Jan-2022 16:54:34.286 INFO [main] org.apache.catalina.startup.VersionLoggerListener.log Command line argument:             -Dcatalina.home=C:\Users\jsepulveda\git\repository\deploy\apache-tomcat-9.0.56
13-Jan-2022 16:54:34.286 INFO [main] org.apache.catalina.startup.VersionLoggerListener.log Command line argument:             -Djava.io.tmpdir=C:\Users\jsepulveda\git\repository\deploy\apache-tomcat-9.0.56\temp
13-Jan-2022 16:54:34.291 INFO [main] org.apache.catalina.core.AprLifecycleListener.lifecycleEvent La biblioteca nativa de Apache Tomcat basada en ARP que permite un rendimiento óptimo en entornos de desarrollo no ha sido hallada en java.library.path: [C:\Program Files\Java\jdk-17.0.1\bin;C:\WINDOWS\Sun\Java\bin;C:\WINDOWS\system32;C:\WINDOWS;C:\Program Files\Common Files\Oracle\Java\javapath;C:\ProgramData\Oracle\Java\javapath;C:\WINDOWS\system32;C:\WINDOWS;C:\WINDOWS\System32\Wbem;C:\WINDOWS\System32\WindowsPowerShell\v1.0\;C:\WINDOWS\System32\OpenSSH\;C:\Program Files\Git\cmd;C:\Program Files\nodejs\;C:\Users\jsepulveda\AppData\Local\Microsoft\WindowsApps;C:\Users\jsepulveda\AppData\Local\Programs\Microsoft VS Code\bin;C:\Users\jsepulveda\AppData\Roaming\npm;C:\Program Files\heroku\bin;C:\Program Files\Java\jdk-17.0.1\bin;.]
13-Jan-2022 16:54:34.586 INFO [main] org.apache.coyote.AbstractProtocol.init Inicializando el manejador de protocolo ["http-nio-8080"]

13-Jan-2022 16:54:34.604 SEVERE [main] org.apache.catalina.util.LifecycleBase.handleSubClassException Fallo al iniciar el componente [Connector[HTTP/1.1-8080]]
	org.apache.catalina.LifecycleException: Falló la inicialización del manejador de protocolo
		at org.apache.catalina.connector.Connector.initInternal(Connector.java:1049)
		at org.apache.catalina.util.LifecycleBase.init(LifecycleBase.java:136)
		at org.apache.catalina.core.StandardService.initInternal(StandardService.java:556)
		at org.apache.catalina.util.LifecycleBase.init(LifecycleBase.java:136)
		at org.apache.catalina.core.StandardServer.initInternal(StandardServer.java:1042)
		at org.apache.catalina.util.LifecycleBase.init(LifecycleBase.java:136)
		at org.apache.catalina.startup.Catalina.load(Catalina.java:724)
		at org.apache.catalina.startup.Catalina.load(Catalina.java:746)
		at java.base/jdk.internal.reflect.NativeMethodAccessorImpl.invoke0(Native Method)
		at java.base/jdk.internal.reflect.NativeMethodAccessorImpl.invoke(NativeMethodAccessorImpl.java:77)
		at java.base/jdk.internal.reflect.DelegatingMethodAccessorImpl.invoke(DelegatingMethodAccessorImpl.java:43)
		at java.base/java.lang.reflect.Method.invoke(Method.java:568)
		at org.apache.catalina.startup.Bootstrap.load(Bootstrap.java:305)
		at org.apache.catalina.startup.Bootstrap.main(Bootstrap.java:475)
	Caused by: java.net.BindException: Address already in use: bind
		at java.base/sun.nio.ch.Net.bind0(Native Method)
		at java.base/sun.nio.ch.Net.bind(Net.java:555)
		at java.base/sun.nio.ch.ServerSocketChannelImpl.netBind(ServerSocketChannelImpl.java:337)
		at java.base/sun.nio.ch.ServerSocketChannelImpl.bind(ServerSocketChannelImpl.java:294)
		at org.apache.tomcat.util.net.NioEndpoint.initServerSocket(NioEndpoint.java:273)
		at org.apache.tomcat.util.net.NioEndpoint.bind(NioEndpoint.java:228)
		at org.apache.tomcat.util.net.AbstractEndpoint.bindWithCleanup(AbstractEndpoint.java:1213)
		at org.apache.tomcat.util.net.AbstractEndpoint.init(AbstractEndpoint.java:1226)
		at org.apache.coyote.AbstractProtocol.init(AbstractProtocol.java:603)
		at org.apache.coyote.http11.AbstractHttp11Protocol.init(AbstractHttp11Protocol.java:80)
		at org.apache.catalina.connector.Connector.initInternal(Connector.java:1046)
		... 13 more
13-Jan-2022 16:54:34.605 INFO [main] org.apache.catalina.startup.Catalina.load Server initialization in [535] milliseconds
13-Jan-2022 16:54:34.657 INFO [main] org.apache.catalina.core.StandardService.startInternal Arrancando servicio [Catalina]
13-Jan-2022 16:54:34.657 INFO [main] org.apache.catalina.core.StandardEngine.startInternal Starting Servlet engine: [Apache Tomcat/9.0.56]
13-Jan-2022 16:54:34.672 INFO [main] org.apache.catalina.startup.HostConfig.deployDirectory Desplegando el directorio [C:\Users\jsepulveda\git\repository\deploy\apache-tomcat-9.0.56\webapps\docs] de la aplicación web
13-Jan-2022 16:54:34.973 INFO [main] org.apache.catalina.startup.HostConfig.deployDirectory Deployment of web application directory [C:\Users\jsepulveda\git\repository\deploy\apache-tomcat-9.0.56\webapps\docs] has finished in [300] ms
13-Jan-2022 16:54:34.974 INFO [main] org.apache.catalina.startup.HostConfig.deployDirectory Desplegando el directorio [C:\Users\jsepulveda\git\repository\deploy\apache-tomcat-9.0.56\webapps\examples] de la aplicación web
13-Jan-2022 16:54:35.834 INFO [main] org.apache.catalina.startup.HostConfig.deployDirectory Deployment of web application directory [C:\Users\jsepulveda\git\repository\deploy\apache-tomcat-9.0.56\webapps\examples] has finished in [859] ms
13-Jan-2022 16:54:35.834 INFO [main] org.apache.catalina.startup.HostConfig.deployDirectory Desplegando el directorio [C:\Users\jsepulveda\git\repository\deploy\apache-tomcat-9.0.56\webapps\host-manager] de la aplicación web
13-Jan-2022 16:54:35.899 INFO [main] org.apache.catalina.startup.HostConfig.deployDirectory Deployment of web application directory [C:\Users\jsepulveda\git\repository\deploy\apache-tomcat-9.0.56\webapps\host-manager] has finished in [65] ms
13-Jan-2022 16:54:35.900 INFO [main] org.apache.catalina.startup.HostConfig.deployDirectory Desplegando el directorio [C:\Users\jsepulveda\git\repository\deploy\apache-tomcat-9.0.56\webapps\manager] de la aplicación web
13-Jan-2022 16:54:35.975 INFO [main] org.apache.catalina.startup.HostConfig.deployDirectory Deployment of web application directory [C:\Users\jsepulveda\git\repository\deploy\apache-tomcat-9.0.56\webapps\manager] has finished in [76] ms
13-Jan-2022 16:54:35.976 INFO [main] org.apache.catalina.startup.HostConfig.deployDirectory Desplegando el directorio [C:\Users\jsepulveda\git\repository\deploy\apache-tomcat-9.0.56\webapps\ROOT] de la aplicación web
13-Jan-2022 16:54:36.034 INFO [main] org.apache.catalina.startup.HostConfig.deployDirectory Deployment of web application directory [C:\Users\jsepulveda\git\repository\deploy\apache-tomcat-9.0.56\webapps\ROOT] has finished in [58] ms
13-Jan-2022 16:54:36.038 INFO [main] org.apache.catalina.startup.Catalina.start Server startup in [1429] milliseconds
13-Jan-2022 16:54:36.049 SEVERE [main] org.apache.catalina.core.StandardServer.await Failed to create server shutdown socket on address [localhost] and port [8005] (base port [8005] and offset [0])
	java.net.BindException: Address already in use: bind
		at java.base/sun.nio.ch.Net.bind0(Native Method)
		at java.base/sun.nio.ch.Net.bind(Net.java:555)
		at java.base/sun.nio.ch.Net.bind(Net.java:544)
		at java.base/sun.nio.ch.NioSocketImpl.bind(NioSocketImpl.java:643)
		at java.base/java.net.ServerSocket.bind(ServerSocket.java:388)
		at java.base/java.net.ServerSocket.<init>(ServerSocket.java:274)
		at org.apache.catalina.core.StandardServer.await(StandardServer.java:577)
		at org.apache.catalina.startup.Catalina.await(Catalina.java:864)
		at org.apache.catalina.startup.Catalina.start(Catalina.java:810)
		at java.base/jdk.internal.reflect.NativeMethodAccessorImpl.invoke0(Native Method)
		at java.base/jdk.internal.reflect.NativeMethodAccessorImpl.invoke(NativeMethodAccessorImpl.java:77)
		at java.base/jdk.internal.reflect.DelegatingMethodAccessorImpl.invoke(DelegatingMethodAccessorImpl.java:43)
		at java.base/java.lang.reflect.Method.invoke(Method.java:568)
		at org.apache.catalina.startup.Bootstrap.start(Bootstrap.java:345)
		at org.apache.catalina.startup.Bootstrap.main(Bootstrap.java:476)
13-Jan-2022 16:54:36.050 INFO [main] org.apache.coyote.AbstractProtocol.pause Pausing ProtocolHandler ["http-nio-8080"]
13-Jan-2022 16:54:36.052 INFO [main] org.apache.catalina.core.StandardService.stopInternal Parando servicio [Catalina]
13-Jan-2022 16:54:36.075 INFO [main] org.apache.coyote.AbstractProtocol.stop Stopping ProtocolHandler ["http-nio-8080"]
13-Jan-2022 16:54:36.076 INFO [main] org.apache.coyote.AbstractProtocol.destroy Destroying ProtocolHandler ["http-nio-8080"]
13-Jan-2022 16:54:39.783 INFO [main] org.apache.catalina.startup.VersionLoggerListener.log Nombre de la versión del servidor: Apache Tomcat/9.0.56
13-Jan-2022 16:54:39.787 INFO [main] org.apache.catalina.startup.VersionLoggerListener.log Server built:                      Dec 2 2021 14:30:07 UTC
13-Jan-2022 16:54:39.787 INFO [main] org.apache.catalina.startup.VersionLoggerListener.log Número de versión de servidor:     9.0.56.0
13-Jan-2022 16:54:39.788 INFO [main] org.apache.catalina.startup.VersionLoggerListener.log OS Name:                           Windows 10
13-Jan-2022 16:54:39.788 INFO [main] org.apache.catalina.startup.VersionLoggerListener.log Versión de Systema Operativo:      10.0
13-Jan-2022 16:54:39.788 INFO [main] org.apache.catalina.startup.VersionLoggerListener.log Arquitectura:                      amd64
13-Jan-2022 16:54:39.788 INFO [main] org.apache.catalina.startup.VersionLoggerListener.log Java Home:                         C:\Program Files\Java\jdk-17.0.1
13-Jan-2022 16:54:39.788 INFO [main] org.apache.catalina.startup.VersionLoggerListener.log JVM Version:                       17.0.1+12-LTS-39
13-Jan-2022 16:54:39.788 INFO [main] org.apache.catalina.startup.VersionLoggerListener.log Vededor JVM:                       Oracle Corporation
13-Jan-2022 16:54:39.789 INFO [main] org.apache.catalina.startup.VersionLoggerListener.log CATALINA_BASE:                     C:\Users\jsepulveda\git\repository\deploy\apache-tomcat-9.0.56
13-Jan-2022 16:54:39.789 INFO [main] org.apache.catalina.startup.VersionLoggerListener.log CATALINA_HOME:                     C:\Users\jsepulveda\git\repository\deploy\apache-tomcat-9.0.56
13-Jan-2022 16:54:39.802 INFO [main] org.apache.catalina.startup.VersionLoggerListener.log Command line argument:             --add-opens=java.base/java.lang=ALL-UNNAMED
13-Jan-2022 16:54:39.803 INFO [main] org.apache.catalina.startup.VersionLoggerListener.log Command line argument:             --add-opens=java.base/java.io=ALL-UNNAMED
13-Jan-2022 16:54:39.803 INFO [main] org.apache.catalina.startup.VersionLoggerListener.log Command line argument:             --add-opens=java.base/java.util=ALL-UNNAMED
13-Jan-2022 16:54:39.803 INFO [main] org.apache.catalina.startup.VersionLoggerListener.log Command line argument:             --add-opens=java.base/java.util.concurrent=ALL-UNNAMED
13-Jan-2022 16:54:39.804 INFO [main] org.apache.catalina.startup.VersionLoggerListener.log Command line argument:             --add-opens=java.rmi/sun.rmi.transport=ALL-UNNAMED
13-Jan-2022 16:54:39.804 INFO [main] org.apache.catalina.startup.VersionLoggerListener.log Command line argument:             -Djava.util.logging.config.file=C:\Users\jsepulveda\git\repository\deploy\apache-tomcat-9.0.56\conf\logging.properties
13-Jan-2022 16:54:39.804 INFO [main] org.apache.catalina.startup.VersionLoggerListener.log Command line argument:             -Djava.util.logging.manager=org.apache.juli.ClassLoaderLogManager
13-Jan-2022 16:54:39.806 INFO [main] org.apache.catalina.startup.VersionLoggerListener.log Command line argument:             -Djdk.tls.ephemeralDHKeySize=2048
13-Jan-2022 16:54:39.806 INFO [main] org.apache.catalina.startup.VersionLoggerListener.log Command line argument:             -Djava.protocol.handler.pkgs=org.apache.catalina.webresources
13-Jan-2022 16:54:39.806 INFO [main] org.apache.catalina.startup.VersionLoggerListener.log Command line argument:             -Dignore.endorsed.dirs=
13-Jan-2022 16:54:39.806 INFO [main] org.apache.catalina.startup.VersionLoggerListener.log Command line argument:             -Dcatalina.base=C:\Users\jsepulveda\git\repository\deploy\apache-tomcat-9.0.56
13-Jan-2022 16:54:39.808 INFO [main] org.apache.catalina.startup.VersionLoggerListener.log Command line argument:             -Dcatalina.home=C:\Users\jsepulveda\git\repository\deploy\apache-tomcat-9.0.56
13-Jan-2022 16:54:39.809 INFO [main] org.apache.catalina.startup.VersionLoggerListener.log Command line argument:             -Djava.io.tmpdir=C:\Users\jsepulveda\git\repository\deploy\apache-tomcat-9.0.56\temp
13-Jan-2022 16:54:39.815 INFO [main] org.apache.catalina.core.AprLifecycleListener.lifecycleEvent La biblioteca nativa de Apache Tomcat basada en ARP que permite un rendimiento óptimo en entornos de desarrollo no ha sido hallada en java.library.path: [C:\Program Files\Java\jdk-17.0.1\bin;C:\WINDOWS\Sun\Java\bin;C:\WINDOWS\system32;C:\WINDOWS;C:\Program Files\Common Files\Oracle\Java\javapath;C:\ProgramData\Oracle\Java\javapath;C:\WINDOWS\system32;C:\WINDOWS;C:\WINDOWS\System32\Wbem;C:\WINDOWS\System32\WindowsPowerShell\v1.0\;C:\WINDOWS\System32\OpenSSH\;C:\Program Files\Git\cmd;C:\Program Files\nodejs\;C:\Users\jsepulveda\AppData\Local\Microsoft\WindowsApps;C:\Users\jsepulveda\AppData\Local\Programs\Microsoft VS Code\bin;C:\Users\jsepulveda\AppData\Roaming\npm;C:\Program Files\heroku\bin;C:\Program Files\Java\jdk-17.0.1\bin;.]
13-Jan-2022 16:54:40.105 INFO [main] org.apache.coyote.AbstractProtocol.init Inicializando el manejador de protocolo ["http-nio-8080"]

13-Jan-2022 16:54:51.634 SEVERE [main] org.apache.catalina.util.LifecycleBase.handleSubClassException Fallo al iniciar el componente [Connector[HTTP/1.1-8080]]
	org.apache.catalina.LifecycleException: Falló la inicialización del manejador de protocolo
		at org.apache.catalina.connector.Connector.initInternal(Connector.java:1049)
		at org.apache.catalina.util.LifecycleBase.init(LifecycleBase.java:136)
		at org.apache.catalina.core.StandardService.initInternal(StandardService.java:556)
		at org.apache.catalina.util.LifecycleBase.init(LifecycleBase.java:136)
		at org.apache.catalina.core.StandardServer.initInternal(StandardServer.java:1042)
		at org.apache.catalina.util.LifecycleBase.init(LifecycleBase.java:136)
		at org.apache.catalina.startup.Catalina.load(Catalina.java:724)
		at org.apache.catalina.startup.Catalina.load(Catalina.java:746)
		at java.base/jdk.internal.reflect.NativeMethodAccessorImpl.invoke0(Native Method)
		at java.base/jdk.internal.reflect.NativeMethodAccessorImpl.invoke(NativeMethodAccessorImpl.java:77)
		at java.base/jdk.internal.reflect.DelegatingMethodAccessorImpl.invoke(DelegatingMethodAccessorImpl.java:43)
		at java.base/java.lang.reflect.Method.invoke(Method.java:568)
		at org.apache.catalina.startup.Bootstrap.load(Bootstrap.java:305)
		at org.apache.catalina.startup.Bootstrap.main(Bootstrap.java:475)
	Caused by: java.net.BindException: Address already in use: bind
		at java.base/sun.nio.ch.Net.bind0(Native Method)
		at java.base/sun.nio.ch.Net.bind(Net.java:555)
		at java.base/sun.nio.ch.ServerSocketChannelImpl.netBind(ServerSocketChannelImpl.java:337)
		at java.base/sun.nio.ch.ServerSocketChannelImpl.bind(ServerSocketChannelImpl.java:294)
		at org.apache.tomcat.util.net.NioEndpoint.initServerSocket(NioEndpoint.java:273)
		at org.apache.tomcat.util.net.NioEndpoint.bind(NioEndpoint.java:228)
		at org.apache.tomcat.util.net.AbstractEndpoint.bindWithCleanup(AbstractEndpoint.java:1213)
		at org.apache.tomcat.util.net.AbstractEndpoint.init(AbstractEndpoint.java:1226)
		at org.apache.coyote.AbstractProtocol.init(AbstractProtocol.java:603)
		at org.apache.coyote.http11.AbstractHttp11Protocol.init(AbstractHttp11Protocol.java:80)
		at org.apache.catalina.connector.Connector.initInternal(Connector.java:1046)
		... 13 more
13-Jan-2022 16:54:51.635 INFO [main] org.apache.catalina.startup.Catalina.load Server initialization in [12053] milliseconds
13-Jan-2022 16:54:51.690 INFO [main] org.apache.catalina.core.StandardService.startInternal Arrancando servicio [Catalina]
13-Jan-2022 16:54:51.704 INFO [main] org.apache.catalina.core.StandardEngine.startInternal Starting Servlet engine: [Apache Tomcat/9.0.56]
13-Jan-2022 16:54:51.722 INFO [main] org.apache.catalina.startup.HostConfig.deployDirectory Desplegando el directorio [C:\Users\jsepulveda\git\repository\deploy\apache-tomcat-9.0.56\webapps\docs] de la aplicación web
13-Jan-2022 16:54:52.197 INFO [main] org.apache.catalina.startup.HostConfig.deployDirectory Deployment of web application directory [C:\Users\jsepulveda\git\repository\deploy\apache-tomcat-9.0.56\webapps\docs] has finished in [472] ms
13-Jan-2022 16:54:52.198 INFO [main] org.apache.catalina.startup.HostConfig.deployDirectory Desplegando el directorio [C:\Users\jsepulveda\git\repository\deploy\apache-tomcat-9.0.56\webapps\examples] de la aplicación web
13-Jan-2022 16:54:52.897 INFO [main] org.apache.catalina.startup.HostConfig.deployDirectory Deployment of web application directory [C:\Users\jsepulveda\git\repository\deploy\apache-tomcat-9.0.56\webapps\examples] has finished in [699] ms
13-Jan-2022 16:55:01.662 INFO [main] org.apache.catalina.startup.HostConfig.deployDirectory Desplegando el directorio [C:\Users\jsepulveda\git\repository\deploy\apache-tomcat-9.0.56\webapps\host-manager] de la aplicación web
13-Jan-2022 16:55:01.725 INFO [main] org.apache.catalina.startup.HostConfig.deployDirectory Deployment of web application directory [C:\Users\jsepulveda\git\repository\deploy\apache-tomcat-9.0.56\webapps\host-manager] has finished in [62] ms
13-Jan-2022 16:55:01.726 INFO [main] org.apache.catalina.startup.HostConfig.deployDirectory Desplegando el directorio [C:\Users\jsepulveda\git\repository\deploy\apache-tomcat-9.0.56\webapps\manager] de la aplicación web
13-Jan-2022 16:55:01.794 INFO [main] org.apache.catalina.startup.HostConfig.deployDirectory Deployment of web application directory [C:\Users\jsepulveda\git\repository\deploy\apache-tomcat-9.0.56\webapps\manager] has finished in [67] ms
13-Jan-2022 16:55:01.795 INFO [main] org.apache.catalina.startup.HostConfig.deployDirectory Desplegando el directorio [C:\Users\jsepulveda\git\repository\deploy\apache-tomcat-9.0.56\webapps\ROOT] de la aplicación web
13-Jan-2022 16:55:01.836 INFO [main] org.apache.catalina.startup.HostConfig.deployDirectory Deployment of web application directory [C:\Users\jsepulveda\git\repository\deploy\apache-tomcat-9.0.56\webapps\ROOT] has finished in [40] ms
13-Jan-2022 16:55:01.844 INFO [main] org.apache.catalina.startup.Catalina.start Server startup in [10207] milliseconds
13-Jan-2022 16:55:01.853 SEVERE [main] org.apache.catalina.core.StandardServer.await Failed to create server shutdown socket on address [localhost] and port [8005] (base port [8005] and offset [0])
	java.net.BindException: Address already in use: bind
		at java.base/sun.nio.ch.Net.bind0(Native Method)
		at java.base/sun.nio.ch.Net.bind(Net.java:555)
		at java.base/sun.nio.ch.Net.bind(Net.java:544)
		at java.base/sun.nio.ch.NioSocketImpl.bind(NioSocketImpl.java:643)
		at java.base/java.net.ServerSocket.bind(ServerSocket.java:388)
		at java.base/java.net.ServerSocket.<init>(ServerSocket.java:274)
		at org.apache.catalina.core.StandardServer.await(StandardServer.java:577)
		at org.apache.catalina.startup.Catalina.await(Catalina.java:864)
		at org.apache.catalina.startup.Catalina.start(Catalina.java:810)
		at java.base/jdk.internal.reflect.NativeMethodAccessorImpl.invoke0(Native Method)
		at java.base/jdk.internal.reflect.NativeMethodAccessorImpl.invoke(NativeMethodAccessorImpl.java:77)
		at java.base/jdk.internal.reflect.DelegatingMethodAccessorImpl.invoke(DelegatingMethodAccessorImpl.java:43)
		at java.base/java.lang.reflect.Method.invoke(Method.java:568)
		at org.apache.catalina.startup.Bootstrap.start(Bootstrap.java:345)
		at org.apache.catalina.startup.Bootstrap.main(Bootstrap.java:476)
13-Jan-2022 16:55:01.854 INFO [main] org.apache.coyote.AbstractProtocol.pause Pausing ProtocolHandler ["http-nio-8080"]
13-Jan-2022 16:55:01.854 INFO [main] org.apache.catalina.core.StandardService.stopInternal Parando servicio [Catalina]
13-Jan-2022 16:55:01.876 INFO [main] org.apache.coyote.AbstractProtocol.stop Stopping ProtocolHandler ["http-nio-8080"]
13-Jan-2022 16:55:01.877 INFO [main] org.apache.coyote.AbstractProtocol.destroy Destroying ProtocolHandler ["http-nio-8080"]
13-Jan-2022 17:08:28.819 INFO [main] org.apache.catalina.startup.VersionLoggerListener.log Nombre de la versión del servidor: Apache Tomcat/9.0.56
13-Jan-2022 17:08:28.823 INFO [main] org.apache.catalina.startup.VersionLoggerListener.log Server built:                      Dec 2 2021 14:30:07 UTC
13-Jan-2022 17:08:28.823 INFO [main] org.apache.catalina.startup.VersionLoggerListener.log Número de versión de servidor:     9.0.56.0
13-Jan-2022 17:08:28.823 INFO [main] org.apache.catalina.startup.VersionLoggerListener.log OS Name:                           Windows 10
13-Jan-2022 17:08:28.824 INFO [main] org.apache.catalina.startup.VersionLoggerListener.log Versión de Systema Operativo:      10.0
13-Jan-2022 17:08:28.824 INFO [main] org.apache.catalina.startup.VersionLoggerListener.log Arquitectura:                      amd64
13-Jan-2022 17:08:28.824 INFO [main] org.apache.catalina.startup.VersionLoggerListener.log Java Home:                         C:\Program Files\Java\jdk-17.0.1
13-Jan-2022 17:08:28.824 INFO [main] org.apache.catalina.startup.VersionLoggerListener.log JVM Version:                       17.0.1+12-LTS-39
13-Jan-2022 17:08:28.824 INFO [main] org.apache.catalina.startup.VersionLoggerListener.log Vededor JVM:                       Oracle Corporation
13-Jan-2022 17:08:28.824 INFO [main] org.apache.catalina.startup.VersionLoggerListener.log CATALINA_BASE:                     C:\Users\jsepulveda\git\repository\deploy\apache-tomcat-9.0.56
13-Jan-2022 17:08:28.824 INFO [main] org.apache.catalina.startup.VersionLoggerListener.log CATALINA_HOME:                     C:\Users\jsepulveda\git\repository\deploy\apache-tomcat-9.0.56
13-Jan-2022 17:08:28.835 INFO [main] org.apache.catalina.startup.VersionLoggerListener.log Command line argument:             --add-opens=java.base/java.lang=ALL-UNNAMED
13-Jan-2022 17:08:28.835 INFO [main] org.apache.catalina.startup.VersionLoggerListener.log Command line argument:             --add-opens=java.base/java.io=ALL-UNNAMED
13-Jan-2022 17:08:28.836 INFO [main] org.apache.catalina.startup.VersionLoggerListener.log Command line argument:             --add-opens=java.base/java.util=ALL-UNNAMED
13-Jan-2022 17:08:28.836 INFO [main] org.apache.catalina.startup.VersionLoggerListener.log Command line argument:             --add-opens=java.base/java.util.concurrent=ALL-UNNAMED
13-Jan-2022 17:08:28.836 INFO [main] org.apache.catalina.startup.VersionLoggerListener.log Command line argument:             --add-opens=java.rmi/sun.rmi.transport=ALL-UNNAMED
13-Jan-2022 17:08:28.837 INFO [main] org.apache.catalina.startup.VersionLoggerListener.log Command line argument:             -Djava.util.logging.config.file=C:\Users\jsepulveda\git\repository\deploy\apache-tomcat-9.0.56\conf\logging.properties
13-Jan-2022 17:08:28.837 INFO [main] org.apache.catalina.startup.VersionLoggerListener.log Command line argument:             -Djava.util.logging.manager=org.apache.juli.ClassLoaderLogManager
13-Jan-2022 17:08:28.837 INFO [main] org.apache.catalina.startup.VersionLoggerListener.log Command line argument:             -Djdk.tls.ephemeralDHKeySize=2048
13-Jan-2022 17:08:28.838 INFO [main] org.apache.catalina.startup.VersionLoggerListener.log Command line argument:             -Djava.protocol.handler.pkgs=org.apache.catalina.webresources
13-Jan-2022 17:08:28.838 INFO [main] org.apache.catalina.startup.VersionLoggerListener.log Command line argument:             -Dignore.endorsed.dirs=
13-Jan-2022 17:08:28.839 INFO [main] org.apache.catalina.startup.VersionLoggerListener.log Command line argument:             -Dcatalina.base=C:\Users\jsepulveda\git\repository\deploy\apache-tomcat-9.0.56
13-Jan-2022 17:08:28.839 INFO [main] org.apache.catalina.startup.VersionLoggerListener.log Command line argument:             -Dcatalina.home=C:\Users\jsepulveda\git\repository\deploy\apache-tomcat-9.0.56
13-Jan-2022 17:08:28.839 INFO [main] org.apache.catalina.startup.VersionLoggerListener.log Command line argument:             -Djava.io.tmpdir=C:\Users\jsepulveda\git\repository\deploy\apache-tomcat-9.0.56\temp
13-Jan-2022 17:08:28.843 INFO [main] org.apache.catalina.core.AprLifecycleListener.lifecycleEvent La biblioteca nativa de Apache Tomcat basada en ARP que permite un rendimiento óptimo en entornos de desarrollo no ha sido hallada en java.library.path: [C:\Program Files\Java\jdk-17.0.1\bin;C:\WINDOWS\Sun\Java\bin;C:\WINDOWS\system32;C:\WINDOWS;C:\Program Files\Common Files\Oracle\Java\javapath;C:\ProgramData\Oracle\Java\javapath;C:\WINDOWS\system32;C:\WINDOWS;C:\WINDOWS\System32\Wbem;C:\WINDOWS\System32\WindowsPowerShell\v1.0\;C:\WINDOWS\System32\OpenSSH\;C:\Program Files\Git\cmd;C:\Program Files\nodejs\;C:\Users\jsepulveda\AppData\Local\Microsoft\WindowsApps;C:\Users\jsepulveda\AppData\Local\Programs\Microsoft VS Code\bin;C:\Users\jsepulveda\AppData\Roaming\npm;C:\Program Files\heroku\bin;C:\Program Files\Java\jdk-17.0.1\bin;.]
13-Jan-2022 17:08:29.163 INFO [main] org.apache.coyote.AbstractProtocol.init Inicializando el manejador de protocolo ["http-nio-8080"]

13-Jan-2022 17:08:29.182 SEVERE [main] org.apache.catalina.util.LifecycleBase.handleSubClassException Fallo al iniciar el componente [Connector[HTTP/1.1-8080]]
	org.apache.catalina.LifecycleException: Falló la inicialización del manejador de protocolo
		at org.apache.catalina.connector.Connector.initInternal(Connector.java:1049)
		at org.apache.catalina.util.LifecycleBase.init(LifecycleBase.java:136)
		at org.apache.catalina.core.StandardService.initInternal(StandardService.java:556)
		at org.apache.catalina.util.LifecycleBase.init(LifecycleBase.java:136)
		at org.apache.catalina.core.StandardServer.initInternal(StandardServer.java:1042)
		at org.apache.catalina.util.LifecycleBase.init(LifecycleBase.java:136)
		at org.apache.catalina.startup.Catalina.load(Catalina.java:724)
		at org.apache.catalina.startup.Catalina.load(Catalina.java:746)
		at java.base/jdk.internal.reflect.NativeMethodAccessorImpl.invoke0(Native Method)
		at java.base/jdk.internal.reflect.NativeMethodAccessorImpl.invoke(NativeMethodAccessorImpl.java:77)
		at java.base/jdk.internal.reflect.DelegatingMethodAccessorImpl.invoke(DelegatingMethodAccessorImpl.java:43)
		at java.base/java.lang.reflect.Method.invoke(Method.java:568)
		at org.apache.catalina.startup.Bootstrap.load(Bootstrap.java:305)
		at org.apache.catalina.startup.Bootstrap.main(Bootstrap.java:475)
	Caused by: java.net.BindException: Address already in use: bind
		at java.base/sun.nio.ch.Net.bind0(Native Method)
		at java.base/sun.nio.ch.Net.bind(Net.java:555)
		at java.base/sun.nio.ch.ServerSocketChannelImpl.netBind(ServerSocketChannelImpl.java:337)
		at java.base/sun.nio.ch.ServerSocketChannelImpl.bind(ServerSocketChannelImpl.java:294)
		at org.apache.tomcat.util.net.NioEndpoint.initServerSocket(NioEndpoint.java:273)
		at org.apache.tomcat.util.net.NioEndpoint.bind(NioEndpoint.java:228)
		at org.apache.tomcat.util.net.AbstractEndpoint.bindWithCleanup(AbstractEndpoint.java:1213)
		at org.apache.tomcat.util.net.AbstractEndpoint.init(AbstractEndpoint.java:1226)
		at org.apache.coyote.AbstractProtocol.init(AbstractProtocol.java:603)
		at org.apache.coyote.http11.AbstractHttp11Protocol.init(AbstractHttp11Protocol.java:80)
		at org.apache.catalina.connector.Connector.initInternal(Connector.java:1046)
		... 13 more
13-Jan-2022 17:08:29.183 INFO [main] org.apache.catalina.startup.Catalina.load Server initialization in [595] milliseconds
13-Jan-2022 17:08:29.244 INFO [main] org.apache.catalina.core.StandardService.startInternal Arrancando servicio [Catalina]
13-Jan-2022 17:08:29.245 INFO [main] org.apache.catalina.core.StandardEngine.startInternal Starting Servlet engine: [Apache Tomcat/9.0.56]
13-Jan-2022 17:08:29.260 INFO [main] org.apache.catalina.startup.HostConfig.deployDirectory Desplegando el directorio [C:\Users\jsepulveda\git\repository\deploy\apache-tomcat-9.0.56\webapps\docs] de la aplicación web
13-Jan-2022 17:08:29.586 INFO [main] org.apache.catalina.startup.HostConfig.deployDirectory Deployment of web application directory [C:\Users\jsepulveda\git\repository\deploy\apache-tomcat-9.0.56\webapps\docs] has finished in [323] ms
13-Jan-2022 17:08:29.587 INFO [main] org.apache.catalina.startup.HostConfig.deployDirectory Desplegando el directorio [C:\Users\jsepulveda\git\repository\deploy\apache-tomcat-9.0.56\webapps\examples] de la aplicación web
13-Jan-2022 17:08:30.317 INFO [main] org.apache.catalina.startup.HostConfig.deployDirectory Deployment of web application directory [C:\Users\jsepulveda\git\repository\deploy\apache-tomcat-9.0.56\webapps\examples] has finished in [730] ms
13-Jan-2022 17:08:30.318 INFO [main] org.apache.catalina.startup.HostConfig.deployDirectory Desplegando el directorio [C:\Users\jsepulveda\git\repository\deploy\apache-tomcat-9.0.56\webapps\host-manager] de la aplicación web
13-Jan-2022 17:08:30.380 INFO [main] org.apache.catalina.startup.HostConfig.deployDirectory Deployment of web application directory [C:\Users\jsepulveda\git\repository\deploy\apache-tomcat-9.0.56\webapps\host-manager] has finished in [62] ms
13-Jan-2022 17:08:30.381 INFO [main] org.apache.catalina.startup.HostConfig.deployDirectory Desplegando el directorio [C:\Users\jsepulveda\git\repository\deploy\apache-tomcat-9.0.56\webapps\manager] de la aplicación web
13-Jan-2022 17:08:30.444 INFO [main] org.apache.catalina.startup.HostConfig.deployDirectory Deployment of web application directory [C:\Users\jsepulveda\git\repository\deploy\apache-tomcat-9.0.56\webapps\manager] has finished in [64] ms
13-Jan-2022 17:08:30.445 INFO [main] org.apache.catalina.startup.HostConfig.deployDirectory Desplegando el directorio [C:\Users\jsepulveda\git\repository\deploy\apache-tomcat-9.0.56\webapps\ROOT] de la aplicación web
13-Jan-2022 17:08:30.485 INFO [main] org.apache.catalina.startup.HostConfig.deployDirectory Deployment of web application directory [C:\Users\jsepulveda\git\repository\deploy\apache-tomcat-9.0.56\webapps\ROOT] has finished in [40] ms
13-Jan-2022 17:08:30.489 INFO [main] org.apache.catalina.startup.Catalina.start Server startup in [1304] milliseconds
13-Jan-2022 17:08:30.500 SEVERE [main] org.apache.catalina.core.StandardServer.await Failed to create server shutdown socket on address [localhost] and port [8005] (base port [8005] and offset [0])
	java.net.BindException: Address already in use: bind
		at java.base/sun.nio.ch.Net.bind0(Native Method)
		at java.base/sun.nio.ch.Net.bind(Net.java:555)
		at java.base/sun.nio.ch.Net.bind(Net.java:544)
		at java.base/sun.nio.ch.NioSocketImpl.bind(NioSocketImpl.java:643)
		at java.base/java.net.ServerSocket.bind(ServerSocket.java:388)
		at java.base/java.net.ServerSocket.<init>(ServerSocket.java:274)
		at org.apache.catalina.core.StandardServer.await(StandardServer.java:577)
		at org.apache.catalina.startup.Catalina.await(Catalina.java:864)
		at org.apache.catalina.startup.Catalina.start(Catalina.java:810)
		at java.base/jdk.internal.reflect.NativeMethodAccessorImpl.invoke0(Native Method)
		at java.base/jdk.internal.reflect.NativeMethodAccessorImpl.invoke(NativeMethodAccessorImpl.java:77)
		at java.base/jdk.internal.reflect.DelegatingMethodAccessorImpl.invoke(DelegatingMethodAccessorImpl.java:43)
		at java.base/java.lang.reflect.Method.invoke(Method.java:568)
		at org.apache.catalina.startup.Bootstrap.start(Bootstrap.java:345)
		at org.apache.catalina.startup.Bootstrap.main(Bootstrap.java:476)
13-Jan-2022 17:08:30.501 INFO [main] org.apache.coyote.AbstractProtocol.pause Pausing ProtocolHandler ["http-nio-8080"]
13-Jan-2022 17:08:30.501 INFO [main] org.apache.catalina.core.StandardService.stopInternal Parando servicio [Catalina]
13-Jan-2022 17:08:30.522 INFO [main] org.apache.coyote.AbstractProtocol.stop Stopping ProtocolHandler ["http-nio-8080"]
13-Jan-2022 17:08:30.524 INFO [main] org.apache.coyote.AbstractProtocol.destroy Destroying ProtocolHandler ["http-nio-8080"]
13-Jan-2022 17:08:35.136 INFO [main] org.apache.catalina.startup.VersionLoggerListener.log Nombre de la versión del servidor: Apache Tomcat/9.0.56
13-Jan-2022 17:08:35.140 INFO [main] org.apache.catalina.startup.VersionLoggerListener.log Server built:                      Dec 2 2021 14:30:07 UTC
13-Jan-2022 17:08:35.141 INFO [main] org.apache.catalina.startup.VersionLoggerListener.log Número de versión de servidor:     9.0.56.0
13-Jan-2022 17:08:35.141 INFO [main] org.apache.catalina.startup.VersionLoggerListener.log OS Name:                           Windows 10
13-Jan-2022 17:08:35.141 INFO [main] org.apache.catalina.startup.VersionLoggerListener.log Versión de Systema Operativo:      10.0
13-Jan-2022 17:08:35.142 INFO [main] org.apache.catalina.startup.VersionLoggerListener.log Arquitectura:                      amd64
13-Jan-2022 17:08:35.142 INFO [main] org.apache.catalina.startup.VersionLoggerListener.log Java Home:                         C:\Program Files\Java\jdk-17.0.1
13-Jan-2022 17:08:35.143 INFO [main] org.apache.catalina.startup.VersionLoggerListener.log JVM Version:                       17.0.1+12-LTS-39
13-Jan-2022 17:08:35.143 INFO [main] org.apache.catalina.startup.VersionLoggerListener.log Vededor JVM:                       Oracle Corporation
13-Jan-2022 17:08:35.143 INFO [main] org.apache.catalina.startup.VersionLoggerListener.log CATALINA_BASE:                     C:\Users\jsepulveda\git\repository\deploy\apache-tomcat-9.0.56
13-Jan-2022 17:08:35.143 INFO [main] org.apache.catalina.startup.VersionLoggerListener.log CATALINA_HOME:                     C:\Users\jsepulveda\git\repository\deploy\apache-tomcat-9.0.56
13-Jan-2022 17:08:35.157 INFO [main] org.apache.catalina.startup.VersionLoggerListener.log Command line argument:             --add-opens=java.base/java.lang=ALL-UNNAMED
13-Jan-2022 17:08:35.157 INFO [main] org.apache.catalina.startup.VersionLoggerListener.log Command line argument:             --add-opens=java.base/java.io=ALL-UNNAMED
13-Jan-2022 17:08:35.158 INFO [main] org.apache.catalina.startup.VersionLoggerListener.log Command line argument:             --add-opens=java.base/java.util=ALL-UNNAMED
13-Jan-2022 17:08:35.159 INFO [main] org.apache.catalina.startup.VersionLoggerListener.log Command line argument:             --add-opens=java.base/java.util.concurrent=ALL-UNNAMED
13-Jan-2022 17:08:35.161 INFO [main] org.apache.catalina.startup.VersionLoggerListener.log Command line argument:             --add-opens=java.rmi/sun.rmi.transport=ALL-UNNAMED
13-Jan-2022 17:08:35.161 INFO [main] org.apache.catalina.startup.VersionLoggerListener.log Command line argument:             -Djava.util.logging.config.file=C:\Users\jsepulveda\git\repository\deploy\apache-tomcat-9.0.56\conf\logging.properties
13-Jan-2022 17:08:35.162 INFO [main] org.apache.catalina.startup.VersionLoggerListener.log Command line argument:             -Djava.util.logging.manager=org.apache.juli.ClassLoaderLogManager
13-Jan-2022 17:08:35.163 INFO [main] org.apache.catalina.startup.VersionLoggerListener.log Command line argument:             -Djdk.tls.ephemeralDHKeySize=2048
13-Jan-2022 17:08:35.163 INFO [main] org.apache.catalina.startup.VersionLoggerListener.log Command line argument:             -Djava.protocol.handler.pkgs=org.apache.catalina.webresources
13-Jan-2022 17:08:35.163 INFO [main] org.apache.catalina.startup.VersionLoggerListener.log Command line argument:             -Dignore.endorsed.dirs=
13-Jan-2022 17:08:35.164 INFO [main] org.apache.catalina.startup.VersionLoggerListener.log Command line argument:             -Dcatalina.base=C:\Users\jsepulveda\git\repository\deploy\apache-tomcat-9.0.56
13-Jan-2022 17:08:35.164 INFO [main] org.apache.catalina.startup.VersionLoggerListener.log Command line argument:             -Dcatalina.home=C:\Users\jsepulveda\git\repository\deploy\apache-tomcat-9.0.56
13-Jan-2022 17:08:35.164 INFO [main] org.apache.catalina.startup.VersionLoggerListener.log Command line argument:             -Djava.io.tmpdir=C:\Users\jsepulveda\git\repository\deploy\apache-tomcat-9.0.56\temp
13-Jan-2022 17:08:35.169 INFO [main] org.apache.catalina.core.AprLifecycleListener.lifecycleEvent La biblioteca nativa de Apache Tomcat basada en ARP que permite un rendimiento óptimo en entornos de desarrollo no ha sido hallada en java.library.path: [C:\Program Files\Java\jdk-17.0.1\bin;C:\WINDOWS\Sun\Java\bin;C:\WINDOWS\system32;C:\WINDOWS;C:\Program Files\Common Files\Oracle\Java\javapath;C:\ProgramData\Oracle\Java\javapath;C:\WINDOWS\system32;C:\WINDOWS;C:\WINDOWS\System32\Wbem;C:\WINDOWS\System32\WindowsPowerShell\v1.0\;C:\WINDOWS\System32\OpenSSH\;C:\Program Files\Git\cmd;C:\Program Files\nodejs\;C:\Users\jsepulveda\AppData\Local\Microsoft\WindowsApps;C:\Users\jsepulveda\AppData\Local\Programs\Microsoft VS Code\bin;C:\Users\jsepulveda\AppData\Roaming\npm;C:\Program Files\heroku\bin;C:\Program Files\Java\jdk-17.0.1\bin;.]
13-Jan-2022 17:08:35.475 INFO [main] org.apache.coyote.AbstractProtocol.init Inicializando el manejador de protocolo ["http-nio-8080"]

13-Jan-2022 17:08:35.493 SEVERE [main] org.apache.catalina.util.LifecycleBase.handleSubClassException Fallo al iniciar el componente [Connector[HTTP/1.1-8080]]
	org.apache.catalina.LifecycleException: Falló la inicialización del manejador de protocolo
		at org.apache.catalina.connector.Connector.initInternal(Connector.java:1049)
		at org.apache.catalina.util.LifecycleBase.init(LifecycleBase.java:136)
		at org.apache.catalina.core.StandardService.initInternal(StandardService.java:556)
		at org.apache.catalina.util.LifecycleBase.init(LifecycleBase.java:136)
		at org.apache.catalina.core.StandardServer.initInternal(StandardServer.java:1042)
		at org.apache.catalina.util.LifecycleBase.init(LifecycleBase.java:136)
		at org.apache.catalina.startup.Catalina.load(Catalina.java:724)
		at org.apache.catalina.startup.Catalina.load(Catalina.java:746)
		at java.base/jdk.internal.reflect.NativeMethodAccessorImpl.invoke0(Native Method)
		at java.base/jdk.internal.reflect.NativeMethodAccessorImpl.invoke(NativeMethodAccessorImpl.java:77)
		at java.base/jdk.internal.reflect.DelegatingMethodAccessorImpl.invoke(DelegatingMethodAccessorImpl.java:43)
		at java.base/java.lang.reflect.Method.invoke(Method.java:568)
		at org.apache.catalina.startup.Bootstrap.load(Bootstrap.java:305)
		at org.apache.catalina.startup.Bootstrap.main(Bootstrap.java:475)
	Caused by: java.net.BindException: Address already in use: bind
		at java.base/sun.nio.ch.Net.bind0(Native Method)
		at java.base/sun.nio.ch.Net.bind(Net.java:555)
		at java.base/sun.nio.ch.ServerSocketChannelImpl.netBind(ServerSocketChannelImpl.java:337)
		at java.base/sun.nio.ch.ServerSocketChannelImpl.bind(ServerSocketChannelImpl.java:294)
		at org.apache.tomcat.util.net.NioEndpoint.initServerSocket(NioEndpoint.java:273)
		at org.apache.tomcat.util.net.NioEndpoint.bind(NioEndpoint.java:228)
		at org.apache.tomcat.util.net.AbstractEndpoint.bindWithCleanup(AbstractEndpoint.java:1213)
		at org.apache.tomcat.util.net.AbstractEndpoint.init(AbstractEndpoint.java:1226)
		at org.apache.coyote.AbstractProtocol.init(AbstractProtocol.java:603)
		at org.apache.coyote.http11.AbstractHttp11Protocol.init(AbstractHttp11Protocol.java:80)
		at org.apache.catalina.connector.Connector.initInternal(Connector.java:1046)
		... 13 more
13-Jan-2022 17:08:35.495 INFO [main] org.apache.catalina.startup.Catalina.load Server initialization in [560] milliseconds
13-Jan-2022 17:08:35.552 INFO [main] org.apache.catalina.core.StandardService.startInternal Arrancando servicio [Catalina]
13-Jan-2022 17:08:35.553 INFO [main] org.apache.catalina.core.StandardEngine.startInternal Starting Servlet engine: [Apache Tomcat/9.0.56]
13-Jan-2022 17:08:35.569 INFO [main] org.apache.catalina.startup.HostConfig.deployDirectory Desplegando el directorio [C:\Users\jsepulveda\git\repository\deploy\apache-tomcat-9.0.56\webapps\docs] de la aplicación web
13-Jan-2022 17:08:35.912 INFO [main] org.apache.catalina.startup.HostConfig.deployDirectory Deployment of web application directory [C:\Users\jsepulveda\git\repository\deploy\apache-tomcat-9.0.56\webapps\docs] has finished in [341] ms
13-Jan-2022 17:15:06.192 INFO [main] org.apache.catalina.startup.VersionLoggerListener.log Nombre de la versión del servidor: Apache Tomcat/9.0.56
13-Jan-2022 17:15:06.195 INFO [main] org.apache.catalina.startup.VersionLoggerListener.log Server built:                      Dec 2 2021 14:30:07 UTC
13-Jan-2022 17:15:06.195 INFO [main] org.apache.catalina.startup.VersionLoggerListener.log Número de versión de servidor:     9.0.56.0
13-Jan-2022 17:15:06.196 INFO [main] org.apache.catalina.startup.VersionLoggerListener.log OS Name:                           Windows 10
13-Jan-2022 17:15:06.196 INFO [main] org.apache.catalina.startup.VersionLoggerListener.log Versión de Systema Operativo:      10.0
13-Jan-2022 17:15:06.196 INFO [main] org.apache.catalina.startup.VersionLoggerListener.log Arquitectura:                      amd64
13-Jan-2022 17:15:06.196 INFO [main] org.apache.catalina.startup.VersionLoggerListener.log Java Home:                         C:\Program Files\Java\jdk-17.0.1
13-Jan-2022 17:15:06.196 INFO [main] org.apache.catalina.startup.VersionLoggerListener.log JVM Version:                       17.0.1+12-LTS-39
13-Jan-2022 17:15:06.196 INFO [main] org.apache.catalina.startup.VersionLoggerListener.log Vededor JVM:                       Oracle Corporation
13-Jan-2022 17:15:06.197 INFO [main] org.apache.catalina.startup.VersionLoggerListener.log CATALINA_BASE:                     C:\Users\jsepulveda\git\repository\deploy\apache-tomcat-9.0.56
13-Jan-2022 17:15:06.197 INFO [main] org.apache.catalina.startup.VersionLoggerListener.log CATALINA_HOME:                     C:\Users\jsepulveda\git\repository\deploy\apache-tomcat-9.0.56
13-Jan-2022 17:15:06.207 INFO [main] org.apache.catalina.startup.VersionLoggerListener.log Command line argument:             --add-opens=java.base/java.lang=ALL-UNNAMED
13-Jan-2022 17:15:06.207 INFO [main] org.apache.catalina.startup.VersionLoggerListener.log Command line argument:             --add-opens=java.base/java.io=ALL-UNNAMED
13-Jan-2022 17:15:06.207 INFO [main] org.apache.catalina.startup.VersionLoggerListener.log Command line argument:             --add-opens=java.base/java.util=ALL-UNNAMED
13-Jan-2022 17:15:06.207 INFO [main] org.apache.catalina.startup.VersionLoggerListener.log Command line argument:             --add-opens=java.base/java.util.concurrent=ALL-UNNAMED
13-Jan-2022 17:15:06.208 INFO [main] org.apache.catalina.startup.VersionLoggerListener.log Command line argument:             --add-opens=java.rmi/sun.rmi.transport=ALL-UNNAMED
13-Jan-2022 17:15:06.208 INFO [main] org.apache.catalina.startup.VersionLoggerListener.log Command line argument:             -Djava.util.logging.config.file=C:\Users\jsepulveda\git\repository\deploy\apache-tomcat-9.0.56\conf\logging.properties
13-Jan-2022 17:15:06.209 INFO [main] org.apache.catalina.startup.VersionLoggerListener.log Command line argument:             -Djava.util.logging.manager=org.apache.juli.ClassLoaderLogManager
13-Jan-2022 17:15:06.209 INFO [main] org.apache.catalina.startup.VersionLoggerListener.log Command line argument:             -Djdk.tls.ephemeralDHKeySize=2048
13-Jan-2022 17:15:06.209 INFO [main] org.apache.catalina.startup.VersionLoggerListener.log Command line argument:             -Djava.protocol.handler.pkgs=org.apache.catalina.webresources
13-Jan-2022 17:15:06.210 INFO [main] org.apache.catalina.startup.VersionLoggerListener.log Command line argument:             -Dignore.endorsed.dirs=
13-Jan-2022 17:15:06.210 INFO [main] org.apache.catalina.startup.VersionLoggerListener.log Command line argument:             -Dcatalina.base=C:\Users\jsepulveda\git\repository\deploy\apache-tomcat-9.0.56
13-Jan-2022 17:15:06.210 INFO [main] org.apache.catalina.startup.VersionLoggerListener.log Command line argument:             -Dcatalina.home=C:\Users\jsepulveda\git\repository\deploy\apache-tomcat-9.0.56
13-Jan-2022 17:15:06.211 INFO [main] org.apache.catalina.startup.VersionLoggerListener.log Command line argument:             -Djava.io.tmpdir=C:\Users\jsepulveda\git\repository\deploy\apache-tomcat-9.0.56\temp
13-Jan-2022 17:15:06.215 INFO [main] org.apache.catalina.core.AprLifecycleListener.lifecycleEvent La biblioteca nativa de Apache Tomcat basada en ARP que permite un rendimiento óptimo en entornos de desarrollo no ha sido hallada en java.library.path: [C:\Program Files\Java\jdk-17.0.1\bin;C:\WINDOWS\Sun\Java\bin;C:\WINDOWS\system32;C:\WINDOWS;C:\Program Files\Common Files\Oracle\Java\javapath;C:\ProgramData\Oracle\Java\javapath;C:\WINDOWS\system32;C:\WINDOWS;C:\WINDOWS\System32\Wbem;C:\WINDOWS\System32\WindowsPowerShell\v1.0\;C:\WINDOWS\System32\OpenSSH\;C:\Program Files\Git\cmd;C:\Program Files\nodejs\;C:\Users\jsepulveda\AppData\Local\Microsoft\WindowsApps;C:\Users\jsepulveda\AppData\Local\Programs\Microsoft VS Code\bin;C:\Users\jsepulveda\AppData\Roaming\npm;C:\Program Files\heroku\bin;C:\Program Files\Java\jdk-17.0.1\bin;.]
13-Jan-2022 17:15:06.498 INFO [main] org.apache.coyote.AbstractProtocol.init Inicializando el manejador de protocolo ["http-nio-8080"]

13-Jan-2022 17:15:06.513 SEVERE [main] org.apache.catalina.util.LifecycleBase.handleSubClassException Fallo al iniciar el componente [Connector[HTTP/1.1-8080]]
	org.apache.catalina.LifecycleException: Falló la inicialización del manejador de protocolo
		at org.apache.catalina.connector.Connector.initInternal(Connector.java:1049)
		at org.apache.catalina.util.LifecycleBase.init(LifecycleBase.java:136)
		at org.apache.catalina.core.StandardService.initInternal(StandardService.java:556)
		at org.apache.catalina.util.LifecycleBase.init(LifecycleBase.java:136)
		at org.apache.catalina.core.StandardServer.initInternal(StandardServer.java:1042)
		at org.apache.catalina.util.LifecycleBase.init(LifecycleBase.java:136)
		at org.apache.catalina.startup.Catalina.load(Catalina.java:724)
		at org.apache.catalina.startup.Catalina.load(Catalina.java:746)
		at java.base/jdk.internal.reflect.NativeMethodAccessorImpl.invoke0(Native Method)
		at java.base/jdk.internal.reflect.NativeMethodAccessorImpl.invoke(NativeMethodAccessorImpl.java:77)
		at java.base/jdk.internal.reflect.DelegatingMethodAccessorImpl.invoke(DelegatingMethodAccessorImpl.java:43)
		at java.base/java.lang.reflect.Method.invoke(Method.java:568)
		at org.apache.catalina.startup.Bootstrap.load(Bootstrap.java:305)
		at org.apache.catalina.startup.Bootstrap.main(Bootstrap.java:475)
	Caused by: java.net.BindException: Address already in use: bind
		at java.base/sun.nio.ch.Net.bind0(Native Method)
		at java.base/sun.nio.ch.Net.bind(Net.java:555)
		at java.base/sun.nio.ch.ServerSocketChannelImpl.netBind(ServerSocketChannelImpl.java:337)
		at java.base/sun.nio.ch.ServerSocketChannelImpl.bind(ServerSocketChannelImpl.java:294)
		at org.apache.tomcat.util.net.NioEndpoint.initServerSocket(NioEndpoint.java:273)
		at org.apache.tomcat.util.net.NioEndpoint.bind(NioEndpoint.java:228)
		at org.apache.tomcat.util.net.AbstractEndpoint.bindWithCleanup(AbstractEndpoint.java:1213)
		at org.apache.tomcat.util.net.AbstractEndpoint.init(AbstractEndpoint.java:1226)
		at org.apache.coyote.AbstractProtocol.init(AbstractProtocol.java:603)
		at org.apache.coyote.http11.AbstractHttp11Protocol.init(AbstractHttp11Protocol.java:80)
		at org.apache.catalina.connector.Connector.initInternal(Connector.java:1046)
		... 13 more
13-Jan-2022 17:15:06.515 INFO [main] org.apache.catalina.startup.Catalina.load Server initialization in [510] milliseconds
13-Jan-2022 17:15:06.558 INFO [main] org.apache.catalina.core.StandardService.startInternal Arrancando servicio [Catalina]
13-Jan-2022 17:15:06.558 INFO [main] org.apache.catalina.core.StandardEngine.startInternal Starting Servlet engine: [Apache Tomcat/9.0.56]
13-Jan-2022 17:15:06.575 INFO [main] org.apache.catalina.startup.HostConfig.deployDirectory Desplegando el directorio [C:\Users\jsepulveda\git\repository\deploy\apache-tomcat-9.0.56\webapps\docs] de la aplicación web
13-Jan-2022 17:15:06.895 INFO [main] org.apache.catalina.startup.HostConfig.deployDirectory Deployment of web application directory [C:\Users\jsepulveda\git\repository\deploy\apache-tomcat-9.0.56\webapps\docs] has finished in [318] ms
13-Jan-2022 17:15:06.896 INFO [main] org.apache.catalina.startup.HostConfig.deployDirectory Desplegando el directorio [C:\Users\jsepulveda\git\repository\deploy\apache-tomcat-9.0.56\webapps\examples] de la aplicación web
13-Jan-2022 17:15:07.559 INFO [main] org.apache.catalina.startup.HostConfig.deployDirectory Deployment of web application directory [C:\Users\jsepulveda\git\repository\deploy\apache-tomcat-9.0.56\webapps\examples] has finished in [663] ms
13-Jan-2022 17:15:07.559 INFO [main] org.apache.catalina.startup.HostConfig.deployDirectory Desplegando el directorio [C:\Users\jsepulveda\git\repository\deploy\apache-tomcat-9.0.56\webapps\host-manager] de la aplicación web
13-Jan-2022 17:15:07.623 INFO [main] org.apache.catalina.startup.HostConfig.deployDirectory Deployment of web application directory [C:\Users\jsepulveda\git\repository\deploy\apache-tomcat-9.0.56\webapps\host-manager] has finished in [63] ms
13-Jan-2022 17:34:20.866 INFO [main] org.apache.catalina.startup.VersionLoggerListener.log Nombre de la versión del servidor: Apache Tomcat/9.0.56
13-Jan-2022 17:34:20.870 INFO [main] org.apache.catalina.startup.VersionLoggerListener.log Server built:                      Dec 2 2021 14:30:07 UTC
13-Jan-2022 17:34:20.870 INFO [main] org.apache.catalina.startup.VersionLoggerListener.log Número de versión de servidor:     9.0.56.0
13-Jan-2022 17:34:20.870 INFO [main] org.apache.catalina.startup.VersionLoggerListener.log OS Name:                           Windows 10
13-Jan-2022 17:34:20.870 INFO [main] org.apache.catalina.startup.VersionLoggerListener.log Versión de Systema Operativo:      10.0
13-Jan-2022 17:34:20.870 INFO [main] org.apache.catalina.startup.VersionLoggerListener.log Arquitectura:                      amd64
13-Jan-2022 17:34:20.871 INFO [main] org.apache.catalina.startup.VersionLoggerListener.log Java Home:                         C:\Program Files\Java\jdk-17.0.1
13-Jan-2022 17:34:20.871 INFO [main] org.apache.catalina.startup.VersionLoggerListener.log JVM Version:                       17.0.1+12-LTS-39
13-Jan-2022 17:34:20.871 INFO [main] org.apache.catalina.startup.VersionLoggerListener.log Vededor JVM:                       Oracle Corporation
13-Jan-2022 17:34:20.871 INFO [main] org.apache.catalina.startup.VersionLoggerListener.log CATALINA_BASE:                     C:\Users\jsepulveda\git\repository\deploy\apache-tomcat-9.0.56
13-Jan-2022 17:34:20.871 INFO [main] org.apache.catalina.startup.VersionLoggerListener.log CATALINA_HOME:                     C:\Users\jsepulveda\git\repository\deploy\apache-tomcat-9.0.56
13-Jan-2022 17:34:20.884 INFO [main] org.apache.catalina.startup.VersionLoggerListener.log Command line argument:             --add-opens=java.base/java.lang=ALL-UNNAMED
13-Jan-2022 17:34:20.884 INFO [main] org.apache.catalina.startup.VersionLoggerListener.log Command line argument:             --add-opens=java.base/java.io=ALL-UNNAMED
13-Jan-2022 17:34:20.884 INFO [main] org.apache.catalina.startup.VersionLoggerListener.log Command line argument:             --add-opens=java.base/java.util=ALL-UNNAMED
13-Jan-2022 17:34:20.884 INFO [main] org.apache.catalina.startup.VersionLoggerListener.log Command line argument:             --add-opens=java.base/java.util.concurrent=ALL-UNNAMED
13-Jan-2022 17:34:20.885 INFO [main] org.apache.catalina.startup.VersionLoggerListener.log Command line argument:             --add-opens=java.rmi/sun.rmi.transport=ALL-UNNAMED
13-Jan-2022 17:34:20.885 INFO [main] org.apache.catalina.startup.VersionLoggerListener.log Command line argument:             -Djava.util.logging.config.file=C:\Users\jsepulveda\git\repository\deploy\apache-tomcat-9.0.56\conf\logging.properties
13-Jan-2022 17:34:20.886 INFO [main] org.apache.catalina.startup.VersionLoggerListener.log Command line argument:             -Djava.util.logging.manager=org.apache.juli.ClassLoaderLogManager
13-Jan-2022 17:34:20.887 INFO [main] org.apache.catalina.startup.VersionLoggerListener.log Command line argument:             -Djdk.tls.ephemeralDHKeySize=2048
13-Jan-2022 17:34:20.887 INFO [main] org.apache.catalina.startup.VersionLoggerListener.log Command line argument:             -Djava.protocol.handler.pkgs=org.apache.catalina.webresources
13-Jan-2022 17:34:20.887 INFO [main] org.apache.catalina.startup.VersionLoggerListener.log Command line argument:             -Dignore.endorsed.dirs=
13-Jan-2022 17:34:20.887 INFO [main] org.apache.catalina.startup.VersionLoggerListener.log Command line argument:             -Dcatalina.base=C:\Users\jsepulveda\git\repository\deploy\apache-tomcat-9.0.56
13-Jan-2022 17:34:20.888 INFO [main] org.apache.catalina.startup.VersionLoggerListener.log Command line argument:             -Dcatalina.home=C:\Users\jsepulveda\git\repository\deploy\apache-tomcat-9.0.56
13-Jan-2022 17:34:20.888 INFO [main] org.apache.catalina.startup.VersionLoggerListener.log Command line argument:             -Djava.io.tmpdir=C:\Users\jsepulveda\git\repository\deploy\apache-tomcat-9.0.56\temp
13-Jan-2022 17:34:20.893 INFO [main] org.apache.catalina.core.AprLifecycleListener.lifecycleEvent La biblioteca nativa de Apache Tomcat basada en ARP que permite un rendimiento óptimo en entornos de desarrollo no ha sido hallada en java.library.path: [C:\Program Files\Java\jdk-17.0.1\bin;C:\WINDOWS\Sun\Java\bin;C:\WINDOWS\system32;C:\WINDOWS;C:\Program Files\Common Files\Oracle\Java\javapath;C:\ProgramData\Oracle\Java\javapath;C:\WINDOWS\system32;C:\WINDOWS;C:\WINDOWS\System32\Wbem;C:\WINDOWS\System32\WindowsPowerShell\v1.0\;C:\WINDOWS\System32\OpenSSH\;C:\Program Files\Git\cmd;C:\Program Files\nodejs\;C:\Users\jsepulveda\AppData\Local\Microsoft\WindowsApps;C:\Users\jsepulveda\AppData\Local\Programs\Microsoft VS Code\bin;C:\Users\jsepulveda\AppData\Roaming\npm;C:\Program Files\heroku\bin;C:\Program Files\Java\jdk-17.0.1\bin;.]
13-Jan-2022 17:34:21.224 INFO [main] org.apache.coyote.AbstractProtocol.init Inicializando el manejador de protocolo ["http-nio-8080"]

13-Jan-2022 17:34:21.257 INFO [main] org.apache.catalina.startup.Catalina.load Server initialization in [622] milliseconds
13-Jan-2022 17:34:21.323 INFO [main] org.apache.catalina.core.StandardService.startInternal Arrancando servicio [Catalina]
13-Jan-2022 17:34:21.324 INFO [main] org.apache.catalina.core.StandardEngine.startInternal Starting Servlet engine: [Apache Tomcat/9.0.56]
13-Jan-2022 17:34:21.342 INFO [main] org.apache.catalina.startup.HostConfig.deployDirectory Desplegando el directorio [C:\Users\jsepulveda\git\repository\deploy\apache-tomcat-9.0.56\webapps\docs] de la aplicación web
13-Jan-2022 17:34:21.733 INFO [main] org.apache.catalina.startup.HostConfig.deployDirectory Deployment of web application directory [C:\Users\jsepulveda\git\repository\deploy\apache-tomcat-9.0.56\webapps\docs] has finished in [389] ms
13-Jan-2022 17:34:21.734 INFO [main] org.apache.catalina.startup.HostConfig.deployDirectory Desplegando el directorio [C:\Users\jsepulveda\git\repository\deploy\apache-tomcat-9.0.56\webapps\examples] de la aplicación web
13-Jan-2022 17:34:22.497 INFO [main] org.apache.catalina.startup.HostConfig.deployDirectory Deployment of web application directory [C:\Users\jsepulveda\git\repository\deploy\apache-tomcat-9.0.56\webapps\examples] has finished in [762] ms
13-Jan-2022 17:34:22.497 INFO [main] org.apache.catalina.startup.HostConfig.deployDirectory Desplegando el directorio [C:\Users\jsepulveda\git\repository\deploy\apache-tomcat-9.0.56\webapps\host-manager] de la aplicación web
13-Jan-2022 17:34:22.563 INFO [main] org.apache.catalina.startup.HostConfig.deployDirectory Deployment of web application directory [C:\Users\jsepulveda\git\repository\deploy\apache-tomcat-9.0.56\webapps\host-manager] has finished in [65] ms
13-Jan-2022 17:34:22.564 INFO [main] org.apache.catalina.startup.HostConfig.deployDirectory Desplegando el directorio [C:\Users\jsepulveda\git\repository\deploy\apache-tomcat-9.0.56\webapps\manager] de la aplicación web
13-Jan-2022 17:34:22.634 INFO [main] org.apache.catalina.startup.HostConfig.deployDirectory Deployment of web application directory [C:\Users\jsepulveda\git\repository\deploy\apache-tomcat-9.0.56\webapps\manager] has finished in [71] ms
13-Jan-2022 17:34:22.635 INFO [main] org.apache.catalina.startup.HostConfig.deployDirectory Desplegando el directorio [C:\Users\jsepulveda\git\repository\deploy\apache-tomcat-9.0.56\webapps\ROOT] de la aplicación web
13-Jan-2022 17:34:22.682 INFO [main] org.apache.catalina.startup.HostConfig.deployDirectory Deployment of web application directory [C:\Users\jsepulveda\git\repository\deploy\apache-tomcat-9.0.56\webapps\ROOT] has finished in [47] ms
13-Jan-2022 17:34:22.685 INFO [main] org.apache.coyote.AbstractProtocol.start Starting ProtocolHandler ["http-nio-8080"]
13-Jan-2022 17:34:22.780 INFO [main] org.apache.catalina.startup.Catalina.start Server startup in [1521] milliseconds
13-Jan-2022 17:36:32.771 INFO [Catalina-utility-1] org.apache.catalina.startup.HostConfig.deployWAR Despliegue del archivo [C:\Users\jsepulveda\git\repository\deploy\apache-tomcat-9.0.56\webapps\spring-boot-data-jpa-tomcat-0.0.1-SNAPSHOT.war] de la aplicación web
13-Jan-2022 17:37:04.144 INFO [Thread-2] org.apache.coyote.AbstractProtocol.pause Pausing ProtocolHandler ["http-nio-8080"]
13-Jan-2022 17:37:04.154 INFO [Thread-2] org.apache.catalina.core.StandardService.stopInternal Parando servicio [Catalina]
13-Jan-2022 17:37:04.177 INFO [Thread-2] org.apache.coyote.AbstractProtocol.stop Stopping ProtocolHandler ["http-nio-8080"]
13-Jan-2022 17:37:04.189 INFO [Thread-2] org.apache.coyote.AbstractProtocol.destroy Destroying ProtocolHandler ["http-nio-8080"]
13-Jan-2022 17:37:13.434 INFO [main] org.apache.catalina.startup.VersionLoggerListener.log Nombre de la versión del servidor: Apache Tomcat/9.0.56
13-Jan-2022 17:37:13.438 INFO [main] org.apache.catalina.startup.VersionLoggerListener.log Server built:                      Dec 2 2021 14:30:07 UTC
13-Jan-2022 17:37:13.438 INFO [main] org.apache.catalina.startup.VersionLoggerListener.log Número de versión de servidor:     9.0.56.0
13-Jan-2022 17:37:13.438 INFO [main] org.apache.catalina.startup.VersionLoggerListener.log OS Name:                           Windows 10
13-Jan-2022 17:37:13.439 INFO [main] org.apache.catalina.startup.VersionLoggerListener.log Versión de Systema Operativo:      10.0
13-Jan-2022 17:37:13.439 INFO [main] org.apache.catalina.startup.VersionLoggerListener.log Arquitectura:                      amd64
13-Jan-2022 17:37:13.439 INFO [main] org.apache.catalina.startup.VersionLoggerListener.log Java Home:                         C:\Program Files\Java\jdk-17.0.1
13-Jan-2022 17:37:13.439 INFO [main] org.apache.catalina.startup.VersionLoggerListener.log JVM Version:                       17.0.1+12-LTS-39
13-Jan-2022 17:37:13.439 INFO [main] org.apache.catalina.startup.VersionLoggerListener.log Vededor JVM:                       Oracle Corporation
13-Jan-2022 17:37:13.439 INFO [main] org.apache.catalina.startup.VersionLoggerListener.log CATALINA_BASE:                     C:\Users\jsepulveda\git\repository\deploy\apache-tomcat-9.0.56
13-Jan-2022 17:37:13.439 INFO [main] org.apache.catalina.startup.VersionLoggerListener.log CATALINA_HOME:                     C:\Users\jsepulveda\git\repository\deploy\apache-tomcat-9.0.56
13-Jan-2022 17:37:13.454 INFO [main] org.apache.catalina.startup.VersionLoggerListener.log Command line argument:             --add-opens=java.base/java.lang=ALL-UNNAMED
13-Jan-2022 17:37:13.454 INFO [main] org.apache.catalina.startup.VersionLoggerListener.log Command line argument:             --add-opens=java.base/java.io=ALL-UNNAMED
13-Jan-2022 17:37:13.455 INFO [main] org.apache.catalina.startup.VersionLoggerListener.log Command line argument:             --add-opens=java.base/java.util=ALL-UNNAMED
13-Jan-2022 17:37:13.455 INFO [main] org.apache.catalina.startup.VersionLoggerListener.log Command line argument:             --add-opens=java.base/java.util.concurrent=ALL-UNNAMED
13-Jan-2022 17:37:13.455 INFO [main] org.apache.catalina.startup.VersionLoggerListener.log Command line argument:             --add-opens=java.rmi/sun.rmi.transport=ALL-UNNAMED
13-Jan-2022 17:37:13.456 INFO [main] org.apache.catalina.startup.VersionLoggerListener.log Command line argument:             -Djava.util.logging.config.file=C:\Users\jsepulveda\git\repository\deploy\apache-tomcat-9.0.56\conf\logging.properties
13-Jan-2022 17:37:13.457 INFO [main] org.apache.catalina.startup.VersionLoggerListener.log Command line argument:             -Djava.util.logging.manager=org.apache.juli.ClassLoaderLogManager
13-Jan-2022 17:37:13.459 INFO [main] org.apache.catalina.startup.VersionLoggerListener.log Command line argument:             -Djdk.tls.ephemeralDHKeySize=2048
13-Jan-2022 17:37:13.461 INFO [main] org.apache.catalina.startup.VersionLoggerListener.log Command line argument:             -Djava.protocol.handler.pkgs=org.apache.catalina.webresources
13-Jan-2022 17:37:13.461 INFO [main] org.apache.catalina.startup.VersionLoggerListener.log Command line argument:             -Dignore.endorsed.dirs=
13-Jan-2022 17:37:13.462 INFO [main] org.apache.catalina.startup.VersionLoggerListener.log Command line argument:             -Dcatalina.base=C:\Users\jsepulveda\git\repository\deploy\apache-tomcat-9.0.56
13-Jan-2022 17:37:13.462 INFO [main] org.apache.catalina.startup.VersionLoggerListener.log Command line argument:             -Dcatalina.home=C:\Users\jsepulveda\git\repository\deploy\apache-tomcat-9.0.56
13-Jan-2022 17:37:13.462 INFO [main] org.apache.catalina.startup.VersionLoggerListener.log Command line argument:             -Djava.io.tmpdir=C:\Users\jsepulveda\git\repository\deploy\apache-tomcat-9.0.56\temp
13-Jan-2022 17:37:13.467 INFO [main] org.apache.catalina.core.AprLifecycleListener.lifecycleEvent La biblioteca nativa de Apache Tomcat basada en ARP que permite un rendimiento óptimo en entornos de desarrollo no ha sido hallada en java.library.path: [C:\Program Files\Java\jdk-17.0.1\bin;C:\WINDOWS\Sun\Java\bin;C:\WINDOWS\system32;C:\WINDOWS;C:\Program Files\Common Files\Oracle\Java\javapath;C:\ProgramData\Oracle\Java\javapath;C:\WINDOWS\system32;C:\WINDOWS;C:\WINDOWS\System32\Wbem;C:\WINDOWS\System32\WindowsPowerShell\v1.0\;C:\WINDOWS\System32\OpenSSH\;C:\Program Files\Git\cmd;C:\Program Files\nodejs\;C:\Users\jsepulveda\AppData\Local\Microsoft\WindowsApps;C:\Users\jsepulveda\AppData\Local\Programs\Microsoft VS Code\bin;C:\Users\jsepulveda\AppData\Roaming\npm;C:\Program Files\heroku\bin;C:\Program Files\Java\jdk-17.0.1\bin;.]
13-Jan-2022 17:37:13.805 INFO [main] org.apache.coyote.AbstractProtocol.init Inicializando el manejador de protocolo ["http-nio-8080"]

13-Jan-2022 17:37:13.844 INFO [main] org.apache.catalina.startup.Catalina.load Server initialization in [638] milliseconds
13-Jan-2022 17:37:13.914 INFO [main] org.apache.catalina.core.StandardService.startInternal Arrancando servicio [Catalina]
13-Jan-2022 17:37:13.914 INFO [main] org.apache.catalina.core.StandardEngine.startInternal Starting Servlet engine: [Apache Tomcat/9.0.56]
13-Jan-2022 17:37:13.946 INFO [main] org.apache.catalina.startup.HostConfig.deployWAR Despliegue del archivo [C:\Users\jsepulveda\git\repository\deploy\apache-tomcat-9.0.56\webapps\spring-boot-data-jpa-tomcat-0.0.1-SNAPSHOT.war] de la aplicación web
13-Jan-2022 17:37:21.513 INFO [main] org.apache.jasper.servlet.TldScanner.scanJars Al menos un JAR, que se ha explorado buscando TLDs, aún no contenía TLDs. Activar historial de depuración para este historiador para una completa lista de los JARs que fueron explorados y de los que nos se halló TLDs. Saltarse JARs no necesarios durante la exploración puede dar lugar a una mejora de tiempo significativa en el arranque y compilación de JSP .
13-Jan-2022 17:37:38.245 INFO [main] org.apache.catalina.startup.HostConfig.deployWAR Deployment of web application archive [C:\Users\jsepulveda\git\repository\deploy\apache-tomcat-9.0.56\webapps\spring-boot-data-jpa-tomcat-0.0.1-SNAPSHOT.war] has finished in [24.298] ms
13-Jan-2022 17:37:38.267 INFO [main] org.apache.catalina.startup.HostConfig.deployDirectory Desplegando el directorio [C:\Users\jsepulveda\git\repository\deploy\apache-tomcat-9.0.56\webapps\docs] de la aplicación web
13-Jan-2022 17:37:38.330 INFO [main] org.apache.catalina.startup.HostConfig.deployDirectory Deployment of web application directory [C:\Users\jsepulveda\git\repository\deploy\apache-tomcat-9.0.56\webapps\docs] has finished in [63] ms
13-Jan-2022 17:37:38.330 INFO [main] org.apache.catalina.startup.HostConfig.deployDirectory Desplegando el directorio [C:\Users\jsepulveda\git\repository\deploy\apache-tomcat-9.0.56\webapps\examples] de la aplicación web
13-Jan-2022 17:37:39.313 INFO [main] org.apache.catalina.startup.HostConfig.deployDirectory Deployment of web application directory [C:\Users\jsepulveda\git\repository\deploy\apache-tomcat-9.0.56\webapps\examples] has finished in [983] ms
13-Jan-2022 17:37:39.314 INFO [main] org.apache.catalina.startup.HostConfig.deployDirectory Desplegando el directorio [C:\Users\jsepulveda\git\repository\deploy\apache-tomcat-9.0.56\webapps\host-manager] de la aplicación web
13-Jan-2022 17:37:39.454 INFO [main] org.apache.catalina.startup.HostConfig.deployDirectory Deployment of web application directory [C:\Users\jsepulveda\git\repository\deploy\apache-tomcat-9.0.56\webapps\host-manager] has finished in [140] ms
13-Jan-2022 17:37:39.455 INFO [main] org.apache.catalina.startup.HostConfig.deployDirectory Desplegando el directorio [C:\Users\jsepulveda\git\repository\deploy\apache-tomcat-9.0.56\webapps\manager] de la aplicación web
13-Jan-2022 17:37:39.581 INFO [main] org.apache.catalina.startup.HostConfig.deployDirectory Deployment of web application directory [C:\Users\jsepulveda\git\repository\deploy\apache-tomcat-9.0.56\webapps\manager] has finished in [127] ms
13-Jan-2022 17:37:39.583 INFO [main] org.apache.catalina.startup.HostConfig.deployDirectory Desplegando el directorio [C:\Users\jsepulveda\git\repository\deploy\apache-tomcat-9.0.56\webapps\ROOT] de la aplicación web
13-Jan-2022 17:37:39.668 INFO [main] org.apache.catalina.startup.HostConfig.deployDirectory Deployment of web application directory [C:\Users\jsepulveda\git\repository\deploy\apache-tomcat-9.0.56\webapps\ROOT] has finished in [85] ms
13-Jan-2022 17:37:39.676 INFO [main] org.apache.coyote.AbstractProtocol.start Starting ProtocolHandler ["http-nio-8080"]
13-Jan-2022 17:37:39.775 INFO [main] org.apache.catalina.startup.Catalina.start Server startup in [25930] milliseconds
