13-Jan-2022 16:54:35.816 INFO [main] org.apache.catalina.core.ApplicationContext.log ContextListener: contextInitialized()
13-Jan-2022 16:54:35.816 INFO [main] org.apache.catalina.core.ApplicationContext.log SessionListener: contextInitialized()
13-Jan-2022 16:54:35.819 INFO [main] org.apache.catalina.core.ApplicationContext.log ContextListener: attributeAdded('StockTicker', 'async.Stockticker@73c60324')
13-Jan-2022 16:54:36.063 INFO [main] org.apache.catalina.core.ApplicationContext.log SessionListener: contextDestroyed()
13-Jan-2022 16:54:36.063 INFO [main] org.apache.catalina.core.ApplicationContext.log ContextListener: contextDestroyed()
13-Jan-2022 16:54:52.879 INFO [main] org.apache.catalina.core.ApplicationContext.log ContextListener: contextInitialized()
13-Jan-2022 16:54:52.879 INFO [main] org.apache.catalina.core.ApplicationContext.log SessionListener: contextInitialized()
13-Jan-2022 16:54:52.882 INFO [main] org.apache.catalina.core.ApplicationContext.log ContextListener: attributeAdded('StockTicker', 'async.Stockticker@2cb3d0f7')
13-Jan-2022 16:55:01.866 INFO [main] org.apache.catalina.core.ApplicationContext.log SessionListener: contextDestroyed()
13-Jan-2022 16:55:01.866 INFO [main] org.apache.catalina.core.ApplicationContext.log ContextListener: contextDestroyed()
13-Jan-2022 17:08:30.298 INFO [main] org.apache.catalina.core.ApplicationContext.log ContextListener: contextInitialized()
13-Jan-2022 17:08:30.298 INFO [main] org.apache.catalina.core.ApplicationContext.log SessionListener: contextInitialized()
13-Jan-2022 17:08:30.301 INFO [main] org.apache.catalina.core.ApplicationContext.log ContextListener: attributeAdded('StockTicker', 'async.Stockticker@2488b073')
13-Jan-2022 17:08:30.513 INFO [main] org.apache.catalina.core.ApplicationContext.log SessionListener: contextDestroyed()
13-Jan-2022 17:08:30.513 INFO [main] org.apache.catalina.core.ApplicationContext.log ContextListener: contextDestroyed()
13-Jan-2022 17:15:07.542 INFO [main] org.apache.catalina.core.ApplicationContext.log ContextListener: contextInitialized()
13-Jan-2022 17:15:07.542 INFO [main] org.apache.catalina.core.ApplicationContext.log SessionListener: contextInitialized()
13-Jan-2022 17:15:07.545 INFO [main] org.apache.catalina.core.ApplicationContext.log ContextListener: attributeAdded('StockTicker', 'async.Stockticker@40258c2f')
13-Jan-2022 17:34:22.477 INFO [main] org.apache.catalina.core.ApplicationContext.log ContextListener: contextInitialized()
13-Jan-2022 17:34:22.477 INFO [main] org.apache.catalina.core.ApplicationContext.log SessionListener: contextInitialized()
13-Jan-2022 17:34:22.481 INFO [main] org.apache.catalina.core.ApplicationContext.log ContextListener: attributeAdded('StockTicker', 'async.Stockticker@31e3250d')
13-Jan-2022 17:37:04.165 INFO [Thread-2] org.apache.catalina.core.ApplicationContext.log SessionListener: contextDestroyed()
13-Jan-2022 17:37:04.165 INFO [Thread-2] org.apache.catalina.core.ApplicationContext.log ContextListener: contextDestroyed()
13-Jan-2022 17:37:21.847 INFO [main] org.apache.catalina.core.ApplicationContext.log 2 Spring WebApplicationInitializers detected on classpath
13-Jan-2022 17:37:27.393 INFO [main] org.apache.catalina.core.ApplicationContext.log Initializing Spring embedded WebApplicationContext
13-Jan-2022 17:37:39.279 INFO [main] org.apache.catalina.core.ApplicationContext.log ContextListener: contextInitialized()
13-Jan-2022 17:37:39.279 INFO [main] org.apache.catalina.core.ApplicationContext.log SessionListener: contextInitialized()
13-Jan-2022 17:37:39.285 INFO [main] org.apache.catalina.core.ApplicationContext.log ContextListener: attributeAdded('StockTicker', 'async.Stockticker@41ac4185')
13-Jan-2022 17:37:43.645 INFO [http-nio-8080-exec-2] org.apache.catalina.core.ApplicationContext.log Initializing Spring DispatcherServlet 'dispatcherServlet'
