13-Jan-2022 16:16:43.863 INFO [main] org.apache.catalina.core.ApplicationContext.log ContextListener: contextInitialized()
13-Jan-2022 16:16:43.863 INFO [main] org.apache.catalina.core.ApplicationContext.log SessionListener: contextInitialized()
13-Jan-2022 16:16:43.867 INFO [main] org.apache.catalina.core.ApplicationContext.log ContextListener: attributeAdded('StockTicker', 'async.Stockticker@426b6a74')
13-Jan-2022 16:21:43.780 INFO [main] org.apache.catalina.core.ApplicationContext.log ContextListener: contextInitialized()
13-Jan-2022 16:21:43.780 INFO [main] org.apache.catalina.core.ApplicationContext.log SessionListener: contextInitialized()
13-Jan-2022 16:21:43.783 INFO [main] org.apache.catalina.core.ApplicationContext.log ContextListener: attributeAdded('StockTicker', 'async.Stockticker@600c5acf')
13-Jan-2022 16:21:43.986 INFO [main] org.apache.catalina.core.ApplicationContext.log SessionListener: contextDestroyed()
13-Jan-2022 16:21:43.986 INFO [main] org.apache.catalina.core.ApplicationContext.log ContextListener: contextDestroyed()
13-Jan-2022 16:22:55.862 INFO [main] org.apache.catalina.core.ApplicationContext.log ContextListener: contextInitialized()
13-Jan-2022 16:22:55.862 INFO [main] org.apache.catalina.core.ApplicationContext.log SessionListener: contextInitialized()
13-Jan-2022 16:22:55.866 INFO [main] org.apache.catalina.core.ApplicationContext.log ContextListener: attributeAdded('StockTicker', 'async.Stockticker@331eb4cc')
13-Jan-2022 16:22:56.071 INFO [main] org.apache.catalina.core.ApplicationContext.log SessionListener: contextDestroyed()
13-Jan-2022 16:22:56.071 INFO [main] org.apache.catalina.core.ApplicationContext.log ContextListener: contextDestroyed()
13-Jan-2022 16:23:52.288 INFO [main] org.apache.catalina.core.ApplicationContext.log ContextListener: contextInitialized()
13-Jan-2022 16:23:52.288 INFO [main] org.apache.catalina.core.ApplicationContext.log SessionListener: contextInitialized()
13-Jan-2022 16:23:52.292 INFO [main] org.apache.catalina.core.ApplicationContext.log ContextListener: attributeAdded('StockTicker', 'async.Stockticker@7d1d9765')
13-Jan-2022 16:23:52.506 INFO [main] org.apache.catalina.core.ApplicationContext.log SessionListener: contextDestroyed()
13-Jan-2022 16:23:52.506 INFO [main] org.apache.catalina.core.ApplicationContext.log ContextListener: contextDestroyed()
13-Jan-2022 16:24:03.887 INFO [main] org.apache.catalina.core.ApplicationContext.log ContextListener: contextInitialized()
13-Jan-2022 16:24:03.888 INFO [main] org.apache.catalina.core.ApplicationContext.log SessionListener: contextInitialized()
13-Jan-2022 16:24:03.891 INFO [main] org.apache.catalina.core.ApplicationContext.log ContextListener: attributeAdded('StockTicker', 'async.Stockticker@331eb4cc')
13-Jan-2022 16:24:04.094 INFO [main] org.apache.catalina.core.ApplicationContext.log SessionListener: contextDestroyed()
13-Jan-2022 16:24:04.094 INFO [main] org.apache.catalina.core.ApplicationContext.log ContextListener: contextDestroyed()
13-Jan-2022 17:20:46.174 INFO [main] org.apache.catalina.core.ApplicationContext.log ContextListener: contextInitialized()
13-Jan-2022 17:20:46.174 INFO [main] org.apache.catalina.core.ApplicationContext.log SessionListener: contextInitialized()
13-Jan-2022 17:20:46.182 INFO [main] org.apache.catalina.core.ApplicationContext.log ContextListener: attributeAdded('StockTicker', 'async.Stockticker@a2c6068')
13-Jan-2022 17:24:10.669 INFO [main] org.apache.catalina.core.ApplicationContext.log ContextListener: contextInitialized()
13-Jan-2022 17:24:10.669 INFO [main] org.apache.catalina.core.ApplicationContext.log SessionListener: contextInitialized()
13-Jan-2022 17:24:10.675 INFO [main] org.apache.catalina.core.ApplicationContext.log ContextListener: attributeAdded('StockTicker', 'async.Stockticker@4d5b24a6')
13-Jan-2022 17:31:11.836 INFO [main] org.apache.catalina.core.ApplicationContext.log ContextListener: contextInitialized()
13-Jan-2022 17:31:11.836 INFO [main] org.apache.catalina.core.ApplicationContext.log SessionListener: contextInitialized()
13-Jan-2022 17:31:11.839 INFO [main] org.apache.catalina.core.ApplicationContext.log ContextListener: attributeAdded('StockTicker', 'async.Stockticker@132ea193')
